Performing C SOURCE FILE Test HAVE_GCC_PREFERRED_STACK_BOUNDARY failed with the following output:
Change Dir: /Users/cjfire/Desktop/CLionProjects/CMakeFiles/CMakeTmp

Run Build Command:"/usr/bin/make" "cmTC_a5927/fast"
/Applications/Xcode.app/Contents/Developer/usr/bin/make -f CMakeFiles/cmTC_a5927.dir/build.make CMakeFiles/cmTC_a5927.dir/build
Building C object CMakeFiles/cmTC_a5927.dir/src.c.o
/Applications/Xcode.app/Contents/Developer/Toolchains/XcodeDefault.xctoolchain/usr/bin/cc   -g -O3 -idirafter /Users/cjfire/Desktop/CLionProjects/libs/SDL2-2.0.7/src/video/khronos -DHAVE_GCC_PREFERRED_STACK_BOUNDARY -mpreferred-stack-boundary=2 -isysroot /Applications/Xcode.app/Contents/Developer/Platforms/MacOSX.platform/Developer/SDKs/MacOSX10.13.sdk   -o CMakeFiles/cmTC_a5927.dir/src.c.o   -c /Users/cjfire/Desktop/CLionProjects/CMakeFiles/CMakeTmp/src.c
clang: error: unknown argument: '-mpreferred-stack-boundary=2'
make[1]: *** [CMakeFiles/cmTC_a5927.dir/src.c.o] Error 1
make: *** [cmTC_a5927/fast] Error 2

Source file was:
int x = 0; int main(int argc, char **argv) {}
Performing C SOURCE FILE Test HAVE_ALTIVEC_H_HDR failed with the following output:
Change Dir: /Users/cjfire/Desktop/CLionProjects/CMakeFiles/CMakeTmp

Run Build Command:"/usr/bin/make" "cmTC_b1d4b/fast"
/Applications/Xcode.app/Contents/Developer/usr/bin/make -f CMakeFiles/cmTC_b1d4b.dir/build.make CMakeFiles/cmTC_b1d4b.dir/build
Building C object CMakeFiles/cmTC_b1d4b.dir/src.c.o
/Applications/Xcode.app/Contents/Developer/Toolchains/XcodeDefault.xctoolchain/usr/bin/cc   -g -O3 -idirafter /Users/cjfire/Desktop/CLionProjects/libs/SDL2-2.0.7/src/video/khronos -DHAVE_ALTIVEC_H_HDR -maltivec -isysroot /Applications/Xcode.app/Contents/Developer/Platforms/MacOSX.platform/Developer/SDKs/MacOSX10.13.sdk   -o CMakeFiles/cmTC_b1d4b.dir/src.c.o   -c /Users/cjfire/Desktop/CLionProjects/CMakeFiles/CMakeTmp/src.c
clang: error: invalid argument '-faltivec' only allowed with 'ppc/ppc64/ppc64le'
make[1]: *** [CMakeFiles/cmTC_b1d4b.dir/src.c.o] Error 1
make: *** [cmTC_b1d4b/fast] Error 2

Source file was:

          #include <altivec.h>
          vector unsigned int vzero() {
              return vec_splat_u32(0);
          }
          int main(int argc, char **argv) { }
Performing C SOURCE FILE Test HAVE_ALTIVEC failed with the following output:
Change Dir: /Users/cjfire/Desktop/CLionProjects/CMakeFiles/CMakeTmp

Run Build Command:"/usr/bin/make" "cmTC_8806f/fast"
/Applications/Xcode.app/Contents/Developer/usr/bin/make -f CMakeFiles/cmTC_8806f.dir/build.make CMakeFiles/cmTC_8806f.dir/build
Building C object CMakeFiles/cmTC_8806f.dir/src.c.o
/Applications/Xcode.app/Contents/Developer/Toolchains/XcodeDefault.xctoolchain/usr/bin/cc   -g -O3 -idirafter /Users/cjfire/Desktop/CLionProjects/libs/SDL2-2.0.7/src/video/khronos -DHAVE_ALTIVEC -maltivec -isysroot /Applications/Xcode.app/Contents/Developer/Platforms/MacOSX.platform/Developer/SDKs/MacOSX10.13.sdk   -o CMakeFiles/cmTC_8806f.dir/src.c.o   -c /Users/cjfire/Desktop/CLionProjects/CMakeFiles/CMakeTmp/src.c
clang: error: invalid argument '-faltivec' only allowed with 'ppc/ppc64/ppc64le'
make[1]: *** [CMakeFiles/cmTC_8806f.dir/src.c.o] Error 1
make: *** [cmTC_8806f/fast] Error 2

Source file was:

          vector unsigned int vzero() {
              return vec_splat_u32(0);
          }
          int main(int argc, char **argv) { }
Determining if the include file malloc.h exists failed with the following output:
Change Dir: /Users/cjfire/Desktop/CLionProjects/CMakeFiles/CMakeTmp

Run Build Command:"/usr/bin/make" "cmTC_6585c/fast"
/Applications/Xcode.app/Contents/Developer/usr/bin/make -f CMakeFiles/cmTC_6585c.dir/build.make CMakeFiles/cmTC_6585c.dir/build
Building C object CMakeFiles/cmTC_6585c.dir/CheckIncludeFile.c.o
/Applications/Xcode.app/Contents/Developer/Toolchains/XcodeDefault.xctoolchain/usr/bin/cc   -g -O3 -idirafter /Users/cjfire/Desktop/CLionProjects/libs/SDL2-2.0.7/src/video/khronos  -isysroot /Applications/Xcode.app/Contents/Developer/Platforms/MacOSX.platform/Developer/SDKs/MacOSX10.13.sdk   -o CMakeFiles/cmTC_6585c.dir/CheckIncludeFile.c.o   -c /Users/cjfire/Desktop/CLionProjects/CMakeFiles/CMakeTmp/CheckIncludeFile.c
/Users/cjfire/Desktop/CLionProjects/CMakeFiles/CMakeTmp/CheckIncludeFile.c:1:10: fatal error: 'malloc.h' file not found
#include <malloc.h>
         ^~~~~~~~~~
1 error generated.
make[1]: *** [CMakeFiles/cmTC_6585c.dir/CheckIncludeFile.c.o] Error 1
make: *** [cmTC_6585c/fast] Error 2


Determining if the function _strrev exists failed with the following output:
Change Dir: /Users/cjfire/Desktop/CLionProjects/CMakeFiles/CMakeTmp

Run Build Command:"/usr/bin/make" "cmTC_34b55/fast"
/Applications/Xcode.app/Contents/Developer/usr/bin/make -f CMakeFiles/cmTC_34b55.dir/build.make CMakeFiles/cmTC_34b55.dir/build
Building C object CMakeFiles/cmTC_34b55.dir/CheckFunctionExists.c.o
/Applications/Xcode.app/Contents/Developer/Toolchains/XcodeDefault.xctoolchain/usr/bin/cc   -g -O3 -idirafter /Users/cjfire/Desktop/CLionProjects/libs/SDL2-2.0.7/src/video/khronos -DCHECK_FUNCTION_EXISTS=_strrev -isysroot /Applications/Xcode.app/Contents/Developer/Platforms/MacOSX.platform/Developer/SDKs/MacOSX10.13.sdk   -o CMakeFiles/cmTC_34b55.dir/CheckFunctionExists.c.o   -c /Applications/CLion.app/Contents/bin/cmake/share/cmake-3.9/Modules/CheckFunctionExists.c
Linking C executable cmTC_34b55
/Applications/CLion.app/Contents/bin/cmake/bin/cmake -E cmake_link_script CMakeFiles/cmTC_34b55.dir/link.txt --verbose=1
/Applications/Xcode.app/Contents/Developer/Toolchains/XcodeDefault.xctoolchain/usr/bin/cc -g -O3 -idirafter /Users/cjfire/Desktop/CLionProjects/libs/SDL2-2.0.7/src/video/khronos -DCHECK_FUNCTION_EXISTS=_strrev -isysroot /Applications/Xcode.app/Contents/Developer/Platforms/MacOSX.platform/Developer/SDKs/MacOSX10.13.sdk -Wl,-search_paths_first -Wl,-headerpad_max_install_names   CMakeFiles/cmTC_34b55.dir/CheckFunctionExists.c.o  -o cmTC_34b55 
Undefined symbols for architecture x86_64:
  "__strrev", referenced from:
      _main in CheckFunctionExists.c.o
ld: symbol(s) not found for architecture x86_64
clang: error: linker command failed with exit code 1 (use -v to see invocation)
make[1]: *** [cmTC_34b55] Error 1
make: *** [cmTC_34b55/fast] Error 2


Determining if the function _strupr exists failed with the following output:
Change Dir: /Users/cjfire/Desktop/CLionProjects/CMakeFiles/CMakeTmp

Run Build Command:"/usr/bin/make" "cmTC_4981f/fast"
/Applications/Xcode.app/Contents/Developer/usr/bin/make -f CMakeFiles/cmTC_4981f.dir/build.make CMakeFiles/cmTC_4981f.dir/build
Building C object CMakeFiles/cmTC_4981f.dir/CheckFunctionExists.c.o
/Applications/Xcode.app/Contents/Developer/Toolchains/XcodeDefault.xctoolchain/usr/bin/cc   -g -O3 -idirafter /Users/cjfire/Desktop/CLionProjects/libs/SDL2-2.0.7/src/video/khronos -DCHECK_FUNCTION_EXISTS=_strupr -isysroot /Applications/Xcode.app/Contents/Developer/Platforms/MacOSX.platform/Developer/SDKs/MacOSX10.13.sdk   -o CMakeFiles/cmTC_4981f.dir/CheckFunctionExists.c.o   -c /Applications/CLion.app/Contents/bin/cmake/share/cmake-3.9/Modules/CheckFunctionExists.c
Linking C executable cmTC_4981f
/Applications/CLion.app/Contents/bin/cmake/bin/cmake -E cmake_link_script CMakeFiles/cmTC_4981f.dir/link.txt --verbose=1
/Applications/Xcode.app/Contents/Developer/Toolchains/XcodeDefault.xctoolchain/usr/bin/cc -g -O3 -idirafter /Users/cjfire/Desktop/CLionProjects/libs/SDL2-2.0.7/src/video/khronos -DCHECK_FUNCTION_EXISTS=_strupr -isysroot /Applications/Xcode.app/Contents/Developer/Platforms/MacOSX.platform/Developer/SDKs/MacOSX10.13.sdk -Wl,-search_paths_first -Wl,-headerpad_max_install_names   CMakeFiles/cmTC_4981f.dir/CheckFunctionExists.c.o  -o cmTC_4981f 
Undefined symbols for architecture x86_64:
  "__strupr", referenced from:
      _main in CheckFunctionExists.c.o
ld: symbol(s) not found for architecture x86_64
clang: error: linker command failed with exit code 1 (use -v to see invocation)
make[1]: *** [cmTC_4981f] Error 1
make: *** [cmTC_4981f/fast] Error 2


Determining if the function _strlwr exists failed with the following output:
Change Dir: /Users/cjfire/Desktop/CLionProjects/CMakeFiles/CMakeTmp

Run Build Command:"/usr/bin/make" "cmTC_5c1e8/fast"
/Applications/Xcode.app/Contents/Developer/usr/bin/make -f CMakeFiles/cmTC_5c1e8.dir/build.make CMakeFiles/cmTC_5c1e8.dir/build
Building C object CMakeFiles/cmTC_5c1e8.dir/CheckFunctionExists.c.o
/Applications/Xcode.app/Contents/Developer/Toolchains/XcodeDefault.xctoolchain/usr/bin/cc   -g -O3 -idirafter /Users/cjfire/Desktop/CLionProjects/libs/SDL2-2.0.7/src/video/khronos -DCHECK_FUNCTION_EXISTS=_strlwr -isysroot /Applications/Xcode.app/Contents/Developer/Platforms/MacOSX.platform/Developer/SDKs/MacOSX10.13.sdk   -o CMakeFiles/cmTC_5c1e8.dir/CheckFunctionExists.c.o   -c /Applications/CLion.app/Contents/bin/cmake/share/cmake-3.9/Modules/CheckFunctionExists.c
Linking C executable cmTC_5c1e8
/Applications/CLion.app/Contents/bin/cmake/bin/cmake -E cmake_link_script CMakeFiles/cmTC_5c1e8.dir/link.txt --verbose=1
/Applications/Xcode.app/Contents/Developer/Toolchains/XcodeDefault.xctoolchain/usr/bin/cc -g -O3 -idirafter /Users/cjfire/Desktop/CLionProjects/libs/SDL2-2.0.7/src/video/khronos -DCHECK_FUNCTION_EXISTS=_strlwr -isysroot /Applications/Xcode.app/Contents/Developer/Platforms/MacOSX.platform/Developer/SDKs/MacOSX10.13.sdk -Wl,-search_paths_first -Wl,-headerpad_max_install_names   CMakeFiles/cmTC_5c1e8.dir/CheckFunctionExists.c.o  -o cmTC_5c1e8 
Undefined symbols for architecture x86_64:
  "__strlwr", referenced from:
      _main in CheckFunctionExists.c.o
ld: symbol(s) not found for architecture x86_64
clang: error: linker command failed with exit code 1 (use -v to see invocation)
make[1]: *** [cmTC_5c1e8] Error 1
make: *** [cmTC_5c1e8/fast] Error 2


Determining if the function itoa exists failed with the following output:
Change Dir: /Users/cjfire/Desktop/CLionProjects/CMakeFiles/CMakeTmp

Run Build Command:"/usr/bin/make" "cmTC_f072d/fast"
/Applications/Xcode.app/Contents/Developer/usr/bin/make -f CMakeFiles/cmTC_f072d.dir/build.make CMakeFiles/cmTC_f072d.dir/build
Building C object CMakeFiles/cmTC_f072d.dir/CheckFunctionExists.c.o
/Applications/Xcode.app/Contents/Developer/Toolchains/XcodeDefault.xctoolchain/usr/bin/cc   -g -O3 -idirafter /Users/cjfire/Desktop/CLionProjects/libs/SDL2-2.0.7/src/video/khronos -DCHECK_FUNCTION_EXISTS=itoa -isysroot /Applications/Xcode.app/Contents/Developer/Platforms/MacOSX.platform/Developer/SDKs/MacOSX10.13.sdk   -o CMakeFiles/cmTC_f072d.dir/CheckFunctionExists.c.o   -c /Applications/CLion.app/Contents/bin/cmake/share/cmake-3.9/Modules/CheckFunctionExists.c
Linking C executable cmTC_f072d
/Applications/CLion.app/Contents/bin/cmake/bin/cmake -E cmake_link_script CMakeFiles/cmTC_f072d.dir/link.txt --verbose=1
/Applications/Xcode.app/Contents/Developer/Toolchains/XcodeDefault.xctoolchain/usr/bin/cc -g -O3 -idirafter /Users/cjfire/Desktop/CLionProjects/libs/SDL2-2.0.7/src/video/khronos -DCHECK_FUNCTION_EXISTS=itoa -isysroot /Applications/Xcode.app/Contents/Developer/Platforms/MacOSX.platform/Developer/SDKs/MacOSX10.13.sdk -Wl,-search_paths_first -Wl,-headerpad_max_install_names   CMakeFiles/cmTC_f072d.dir/CheckFunctionExists.c.o  -o cmTC_f072d 
Undefined symbols for architecture x86_64:
  "_itoa", referenced from:
      _main in CheckFunctionExists.c.o
ld: symbol(s) not found for architecture x86_64
clang: error: linker command failed with exit code 1 (use -v to see invocation)
make[1]: *** [cmTC_f072d] Error 1
make: *** [cmTC_f072d/fast] Error 2


Determining if the function _ltoa exists failed with the following output:
Change Dir: /Users/cjfire/Desktop/CLionProjects/CMakeFiles/CMakeTmp

Run Build Command:"/usr/bin/make" "cmTC_79ba0/fast"
/Applications/Xcode.app/Contents/Developer/usr/bin/make -f CMakeFiles/cmTC_79ba0.dir/build.make CMakeFiles/cmTC_79ba0.dir/build
Building C object CMakeFiles/cmTC_79ba0.dir/CheckFunctionExists.c.o
/Applications/Xcode.app/Contents/Developer/Toolchains/XcodeDefault.xctoolchain/usr/bin/cc   -g -O3 -idirafter /Users/cjfire/Desktop/CLionProjects/libs/SDL2-2.0.7/src/video/khronos -DCHECK_FUNCTION_EXISTS=_ltoa -isysroot /Applications/Xcode.app/Contents/Developer/Platforms/MacOSX.platform/Developer/SDKs/MacOSX10.13.sdk   -o CMakeFiles/cmTC_79ba0.dir/CheckFunctionExists.c.o   -c /Applications/CLion.app/Contents/bin/cmake/share/cmake-3.9/Modules/CheckFunctionExists.c
Linking C executable cmTC_79ba0
/Applications/CLion.app/Contents/bin/cmake/bin/cmake -E cmake_link_script CMakeFiles/cmTC_79ba0.dir/link.txt --verbose=1
/Applications/Xcode.app/Contents/Developer/Toolchains/XcodeDefault.xctoolchain/usr/bin/cc -g -O3 -idirafter /Users/cjfire/Desktop/CLionProjects/libs/SDL2-2.0.7/src/video/khronos -DCHECK_FUNCTION_EXISTS=_ltoa -isysroot /Applications/Xcode.app/Contents/Developer/Platforms/MacOSX.platform/Developer/SDKs/MacOSX10.13.sdk -Wl,-search_paths_first -Wl,-headerpad_max_install_names   CMakeFiles/cmTC_79ba0.dir/CheckFunctionExists.c.o  -o cmTC_79ba0 
Undefined symbols for architecture x86_64:
  "__ltoa", referenced from:
      _main in CheckFunctionExists.c.o
ld: symbol(s) not found for architecture x86_64
clang: error: linker command failed with exit code 1 (use -v to see invocation)
make[1]: *** [cmTC_79ba0] Error 1
make: *** [cmTC_79ba0/fast] Error 2


Determining if the function _uitoa exists failed with the following output:
Change Dir: /Users/cjfire/Desktop/CLionProjects/CMakeFiles/CMakeTmp

Run Build Command:"/usr/bin/make" "cmTC_2a32c/fast"
/Applications/Xcode.app/Contents/Developer/usr/bin/make -f CMakeFiles/cmTC_2a32c.dir/build.make CMakeFiles/cmTC_2a32c.dir/build
Building C object CMakeFiles/cmTC_2a32c.dir/CheckFunctionExists.c.o
/Applications/Xcode.app/Contents/Developer/Toolchains/XcodeDefault.xctoolchain/usr/bin/cc   -g -O3 -idirafter /Users/cjfire/Desktop/CLionProjects/libs/SDL2-2.0.7/src/video/khronos -DCHECK_FUNCTION_EXISTS=_uitoa -isysroot /Applications/Xcode.app/Contents/Developer/Platforms/MacOSX.platform/Developer/SDKs/MacOSX10.13.sdk   -o CMakeFiles/cmTC_2a32c.dir/CheckFunctionExists.c.o   -c /Applications/CLion.app/Contents/bin/cmake/share/cmake-3.9/Modules/CheckFunctionExists.c
Linking C executable cmTC_2a32c
/Applications/CLion.app/Contents/bin/cmake/bin/cmake -E cmake_link_script CMakeFiles/cmTC_2a32c.dir/link.txt --verbose=1
/Applications/Xcode.app/Contents/Developer/Toolchains/XcodeDefault.xctoolchain/usr/bin/cc -g -O3 -idirafter /Users/cjfire/Desktop/CLionProjects/libs/SDL2-2.0.7/src/video/khronos -DCHECK_FUNCTION_EXISTS=_uitoa -isysroot /Applications/Xcode.app/Contents/Developer/Platforms/MacOSX.platform/Developer/SDKs/MacOSX10.13.sdk -Wl,-search_paths_first -Wl,-headerpad_max_install_names   CMakeFiles/cmTC_2a32c.dir/CheckFunctionExists.c.o  -o cmTC_2a32c 
Undefined symbols for architecture x86_64:
  "__uitoa", referenced from:
      _main in CheckFunctionExists.c.o
ld: symbol(s) not found for architecture x86_64
clang: error: linker command failed with exit code 1 (use -v to see invocation)
make[1]: *** [cmTC_2a32c] Error 1
make: *** [cmTC_2a32c/fast] Error 2


Determining if the function _ultoa exists failed with the following output:
Change Dir: /Users/cjfire/Desktop/CLionProjects/CMakeFiles/CMakeTmp

Run Build Command:"/usr/bin/make" "cmTC_d81e5/fast"
/Applications/Xcode.app/Contents/Developer/usr/bin/make -f CMakeFiles/cmTC_d81e5.dir/build.make CMakeFiles/cmTC_d81e5.dir/build
Building C object CMakeFiles/cmTC_d81e5.dir/CheckFunctionExists.c.o
/Applications/Xcode.app/Contents/Developer/Toolchains/XcodeDefault.xctoolchain/usr/bin/cc   -g -O3 -idirafter /Users/cjfire/Desktop/CLionProjects/libs/SDL2-2.0.7/src/video/khronos -DCHECK_FUNCTION_EXISTS=_ultoa -isysroot /Applications/Xcode.app/Contents/Developer/Platforms/MacOSX.platform/Developer/SDKs/MacOSX10.13.sdk   -o CMakeFiles/cmTC_d81e5.dir/CheckFunctionExists.c.o   -c /Applications/CLion.app/Contents/bin/cmake/share/cmake-3.9/Modules/CheckFunctionExists.c
Linking C executable cmTC_d81e5
/Applications/CLion.app/Contents/bin/cmake/bin/cmake -E cmake_link_script CMakeFiles/cmTC_d81e5.dir/link.txt --verbose=1
/Applications/Xcode.app/Contents/Developer/Toolchains/XcodeDefault.xctoolchain/usr/bin/cc -g -O3 -idirafter /Users/cjfire/Desktop/CLionProjects/libs/SDL2-2.0.7/src/video/khronos -DCHECK_FUNCTION_EXISTS=_ultoa -isysroot /Applications/Xcode.app/Contents/Developer/Platforms/MacOSX.platform/Developer/SDKs/MacOSX10.13.sdk -Wl,-search_paths_first -Wl,-headerpad_max_install_names   CMakeFiles/cmTC_d81e5.dir/CheckFunctionExists.c.o  -o cmTC_d81e5 
Undefined symbols for architecture x86_64:
  "__ultoa", referenced from:
      _main in CheckFunctionExists.c.o
ld: symbol(s) not found for architecture x86_64
clang: error: linker command failed with exit code 1 (use -v to see invocation)
make[1]: *** [cmTC_d81e5] Error 1
make: *** [cmTC_d81e5/fast] Error 2


Determining if the function _i64toa exists failed with the following output:
Change Dir: /Users/cjfire/Desktop/CLionProjects/CMakeFiles/CMakeTmp

Run Build Command:"/usr/bin/make" "cmTC_31507/fast"
/Applications/Xcode.app/Contents/Developer/usr/bin/make -f CMakeFiles/cmTC_31507.dir/build.make CMakeFiles/cmTC_31507.dir/build
Building C object CMakeFiles/cmTC_31507.dir/CheckFunctionExists.c.o
/Applications/Xcode.app/Contents/Developer/Toolchains/XcodeDefault.xctoolchain/usr/bin/cc   -g -O3 -idirafter /Users/cjfire/Desktop/CLionProjects/libs/SDL2-2.0.7/src/video/khronos -DCHECK_FUNCTION_EXISTS=_i64toa -isysroot /Applications/Xcode.app/Contents/Developer/Platforms/MacOSX.platform/Developer/SDKs/MacOSX10.13.sdk   -o CMakeFiles/cmTC_31507.dir/CheckFunctionExists.c.o   -c /Applications/CLion.app/Contents/bin/cmake/share/cmake-3.9/Modules/CheckFunctionExists.c
Linking C executable cmTC_31507
/Applications/CLion.app/Contents/bin/cmake/bin/cmake -E cmake_link_script CMakeFiles/cmTC_31507.dir/link.txt --verbose=1
/Applications/Xcode.app/Contents/Developer/Toolchains/XcodeDefault.xctoolchain/usr/bin/cc -g -O3 -idirafter /Users/cjfire/Desktop/CLionProjects/libs/SDL2-2.0.7/src/video/khronos -DCHECK_FUNCTION_EXISTS=_i64toa -isysroot /Applications/Xcode.app/Contents/Developer/Platforms/MacOSX.platform/Developer/SDKs/MacOSX10.13.sdk -Wl,-search_paths_first -Wl,-headerpad_max_install_names   CMakeFiles/cmTC_31507.dir/CheckFunctionExists.c.o  -o cmTC_31507 
Undefined symbols for architecture x86_64:
  "__i64toa", referenced from:
      _main in CheckFunctionExists.c.o
ld: symbol(s) not found for architecture x86_64
clang: error: linker command failed with exit code 1 (use -v to see invocation)
make[1]: *** [cmTC_31507] Error 1
make: *** [cmTC_31507/fast] Error 2


Determining if the function _ui64toa exists failed with the following output:
Change Dir: /Users/cjfire/Desktop/CLionProjects/CMakeFiles/CMakeTmp

Run Build Command:"/usr/bin/make" "cmTC_e9b22/fast"
/Applications/Xcode.app/Contents/Developer/usr/bin/make -f CMakeFiles/cmTC_e9b22.dir/build.make CMakeFiles/cmTC_e9b22.dir/build
Building C object CMakeFiles/cmTC_e9b22.dir/CheckFunctionExists.c.o
/Applications/Xcode.app/Contents/Developer/Toolchains/XcodeDefault.xctoolchain/usr/bin/cc   -g -O3 -idirafter /Users/cjfire/Desktop/CLionProjects/libs/SDL2-2.0.7/src/video/khronos -DCHECK_FUNCTION_EXISTS=_ui64toa -isysroot /Applications/Xcode.app/Contents/Developer/Platforms/MacOSX.platform/Developer/SDKs/MacOSX10.13.sdk   -o CMakeFiles/cmTC_e9b22.dir/CheckFunctionExists.c.o   -c /Applications/CLion.app/Contents/bin/cmake/share/cmake-3.9/Modules/CheckFunctionExists.c
Linking C executable cmTC_e9b22
/Applications/CLion.app/Contents/bin/cmake/bin/cmake -E cmake_link_script CMakeFiles/cmTC_e9b22.dir/link.txt --verbose=1
/Applications/Xcode.app/Contents/Developer/Toolchains/XcodeDefault.xctoolchain/usr/bin/cc -g -O3 -idirafter /Users/cjfire/Desktop/CLionProjects/libs/SDL2-2.0.7/src/video/khronos -DCHECK_FUNCTION_EXISTS=_ui64toa -isysroot /Applications/Xcode.app/Contents/Developer/Platforms/MacOSX.platform/Developer/SDKs/MacOSX10.13.sdk -Wl,-search_paths_first -Wl,-headerpad_max_install_names   CMakeFiles/cmTC_e9b22.dir/CheckFunctionExists.c.o  -o cmTC_e9b22 
Undefined symbols for architecture x86_64:
  "__ui64toa", referenced from:
      _main in CheckFunctionExists.c.o
ld: symbol(s) not found for architecture x86_64
clang: error: linker command failed with exit code 1 (use -v to see invocation)
make[1]: *** [cmTC_e9b22] Error 1
make: *** [cmTC_e9b22/fast] Error 2


Determining if the function _stricmp exists failed with the following output:
Change Dir: /Users/cjfire/Desktop/CLionProjects/CMakeFiles/CMakeTmp

Run Build Command:"/usr/bin/make" "cmTC_eacaf/fast"
/Applications/Xcode.app/Contents/Developer/usr/bin/make -f CMakeFiles/cmTC_eacaf.dir/build.make CMakeFiles/cmTC_eacaf.dir/build
Building C object CMakeFiles/cmTC_eacaf.dir/CheckFunctionExists.c.o
/Applications/Xcode.app/Contents/Developer/Toolchains/XcodeDefault.xctoolchain/usr/bin/cc   -g -O3 -idirafter /Users/cjfire/Desktop/CLionProjects/libs/SDL2-2.0.7/src/video/khronos -DCHECK_FUNCTION_EXISTS=_stricmp -isysroot /Applications/Xcode.app/Contents/Developer/Platforms/MacOSX.platform/Developer/SDKs/MacOSX10.13.sdk   -o CMakeFiles/cmTC_eacaf.dir/CheckFunctionExists.c.o   -c /Applications/CLion.app/Contents/bin/cmake/share/cmake-3.9/Modules/CheckFunctionExists.c
Linking C executable cmTC_eacaf
/Applications/CLion.app/Contents/bin/cmake/bin/cmake -E cmake_link_script CMakeFiles/cmTC_eacaf.dir/link.txt --verbose=1
/Applications/Xcode.app/Contents/Developer/Toolchains/XcodeDefault.xctoolchain/usr/bin/cc -g -O3 -idirafter /Users/cjfire/Desktop/CLionProjects/libs/SDL2-2.0.7/src/video/khronos -DCHECK_FUNCTION_EXISTS=_stricmp -isysroot /Applications/Xcode.app/Contents/Developer/Platforms/MacOSX.platform/Developer/SDKs/MacOSX10.13.sdk -Wl,-search_paths_first -Wl,-headerpad_max_install_names   CMakeFiles/cmTC_eacaf.dir/CheckFunctionExists.c.o  -o cmTC_eacaf 
Undefined symbols for architecture x86_64:
  "__stricmp", referenced from:
      _main in CheckFunctionExists.c.o
ld: symbol(s) not found for architecture x86_64
clang: error: linker command failed with exit code 1 (use -v to see invocation)
make[1]: *** [cmTC_eacaf] Error 1
make: *** [cmTC_eacaf/fast] Error 2


Determining if the function _strnicmp exists failed with the following output:
Change Dir: /Users/cjfire/Desktop/CLionProjects/CMakeFiles/CMakeTmp

Run Build Command:"/usr/bin/make" "cmTC_6161a/fast"
/Applications/Xcode.app/Contents/Developer/usr/bin/make -f CMakeFiles/cmTC_6161a.dir/build.make CMakeFiles/cmTC_6161a.dir/build
Building C object CMakeFiles/cmTC_6161a.dir/CheckFunctionExists.c.o
/Applications/Xcode.app/Contents/Developer/Toolchains/XcodeDefault.xctoolchain/usr/bin/cc   -g -O3 -idirafter /Users/cjfire/Desktop/CLionProjects/libs/SDL2-2.0.7/src/video/khronos -DCHECK_FUNCTION_EXISTS=_strnicmp -isysroot /Applications/Xcode.app/Contents/Developer/Platforms/MacOSX.platform/Developer/SDKs/MacOSX10.13.sdk   -o CMakeFiles/cmTC_6161a.dir/CheckFunctionExists.c.o   -c /Applications/CLion.app/Contents/bin/cmake/share/cmake-3.9/Modules/CheckFunctionExists.c
Linking C executable cmTC_6161a
/Applications/CLion.app/Contents/bin/cmake/bin/cmake -E cmake_link_script CMakeFiles/cmTC_6161a.dir/link.txt --verbose=1
/Applications/Xcode.app/Contents/Developer/Toolchains/XcodeDefault.xctoolchain/usr/bin/cc -g -O3 -idirafter /Users/cjfire/Desktop/CLionProjects/libs/SDL2-2.0.7/src/video/khronos -DCHECK_FUNCTION_EXISTS=_strnicmp -isysroot /Applications/Xcode.app/Contents/Developer/Platforms/MacOSX.platform/Developer/SDKs/MacOSX10.13.sdk -Wl,-search_paths_first -Wl,-headerpad_max_install_names   CMakeFiles/cmTC_6161a.dir/CheckFunctionExists.c.o  -o cmTC_6161a 
Undefined symbols for architecture x86_64:
  "__strnicmp", referenced from:
      _main in CheckFunctionExists.c.o
ld: symbol(s) not found for architecture x86_64
clang: error: linker command failed with exit code 1 (use -v to see invocation)
make[1]: *** [cmTC_6161a] Error 1
make: *** [cmTC_6161a/fast] Error 2


Determining if the function fopen64 exists failed with the following output:
Change Dir: /Users/cjfire/Desktop/CLionProjects/CMakeFiles/CMakeTmp

Run Build Command:"/usr/bin/make" "cmTC_52dfe/fast"
/Applications/Xcode.app/Contents/Developer/usr/bin/make -f CMakeFiles/cmTC_52dfe.dir/build.make CMakeFiles/cmTC_52dfe.dir/build
Building C object CMakeFiles/cmTC_52dfe.dir/CheckFunctionExists.c.o
/Applications/Xcode.app/Contents/Developer/Toolchains/XcodeDefault.xctoolchain/usr/bin/cc   -g -O3 -idirafter /Users/cjfire/Desktop/CLionProjects/libs/SDL2-2.0.7/src/video/khronos -DCHECK_FUNCTION_EXISTS=fopen64 -isysroot /Applications/Xcode.app/Contents/Developer/Platforms/MacOSX.platform/Developer/SDKs/MacOSX10.13.sdk   -o CMakeFiles/cmTC_52dfe.dir/CheckFunctionExists.c.o   -c /Applications/CLion.app/Contents/bin/cmake/share/cmake-3.9/Modules/CheckFunctionExists.c
Linking C executable cmTC_52dfe
/Applications/CLion.app/Contents/bin/cmake/bin/cmake -E cmake_link_script CMakeFiles/cmTC_52dfe.dir/link.txt --verbose=1
/Applications/Xcode.app/Contents/Developer/Toolchains/XcodeDefault.xctoolchain/usr/bin/cc -g -O3 -idirafter /Users/cjfire/Desktop/CLionProjects/libs/SDL2-2.0.7/src/video/khronos -DCHECK_FUNCTION_EXISTS=fopen64 -isysroot /Applications/Xcode.app/Contents/Developer/Platforms/MacOSX.platform/Developer/SDKs/MacOSX10.13.sdk -Wl,-search_paths_first -Wl,-headerpad_max_install_names   CMakeFiles/cmTC_52dfe.dir/CheckFunctionExists.c.o  -o cmTC_52dfe 
Undefined symbols for architecture x86_64:
  "_fopen64", referenced from:
      _main in CheckFunctionExists.c.o
ld: symbol(s) not found for architecture x86_64
clang: error: linker command failed with exit code 1 (use -v to see invocation)
make[1]: *** [cmTC_52dfe] Error 1
make: *** [cmTC_52dfe/fast] Error 2


Determining if the function fseeko64 exists failed with the following output:
Change Dir: /Users/cjfire/Desktop/CLionProjects/CMakeFiles/CMakeTmp

Run Build Command:"/usr/bin/make" "cmTC_0edf1/fast"
/Applications/Xcode.app/Contents/Developer/usr/bin/make -f CMakeFiles/cmTC_0edf1.dir/build.make CMakeFiles/cmTC_0edf1.dir/build
Building C object CMakeFiles/cmTC_0edf1.dir/CheckFunctionExists.c.o
/Applications/Xcode.app/Contents/Developer/Toolchains/XcodeDefault.xctoolchain/usr/bin/cc   -g -O3 -idirafter /Users/cjfire/Desktop/CLionProjects/libs/SDL2-2.0.7/src/video/khronos -DCHECK_FUNCTION_EXISTS=fseeko64 -isysroot /Applications/Xcode.app/Contents/Developer/Platforms/MacOSX.platform/Developer/SDKs/MacOSX10.13.sdk   -o CMakeFiles/cmTC_0edf1.dir/CheckFunctionExists.c.o   -c /Applications/CLion.app/Contents/bin/cmake/share/cmake-3.9/Modules/CheckFunctionExists.c
Linking C executable cmTC_0edf1
/Applications/CLion.app/Contents/bin/cmake/bin/cmake -E cmake_link_script CMakeFiles/cmTC_0edf1.dir/link.txt --verbose=1
/Applications/Xcode.app/Contents/Developer/Toolchains/XcodeDefault.xctoolchain/usr/bin/cc -g -O3 -idirafter /Users/cjfire/Desktop/CLionProjects/libs/SDL2-2.0.7/src/video/khronos -DCHECK_FUNCTION_EXISTS=fseeko64 -isysroot /Applications/Xcode.app/Contents/Developer/Platforms/MacOSX.platform/Developer/SDKs/MacOSX10.13.sdk -Wl,-search_paths_first -Wl,-headerpad_max_install_names   CMakeFiles/cmTC_0edf1.dir/CheckFunctionExists.c.o  -o cmTC_0edf1 
Undefined symbols for architecture x86_64:
  "_fseeko64", referenced from:
      _main in CheckFunctionExists.c.o
ld: symbol(s) not found for architecture x86_64
clang: error: linker command failed with exit code 1 (use -v to see invocation)
make[1]: *** [cmTC_0edf1] Error 1
make: *** [cmTC_0edf1/fast] Error 2


Determining if the function getauxval exists failed with the following output:
Change Dir: /Users/cjfire/Desktop/CLionProjects/CMakeFiles/CMakeTmp

Run Build Command:"/usr/bin/make" "cmTC_2f5eb/fast"
/Applications/Xcode.app/Contents/Developer/usr/bin/make -f CMakeFiles/cmTC_2f5eb.dir/build.make CMakeFiles/cmTC_2f5eb.dir/build
Building C object CMakeFiles/cmTC_2f5eb.dir/CheckFunctionExists.c.o
/Applications/Xcode.app/Contents/Developer/Toolchains/XcodeDefault.xctoolchain/usr/bin/cc   -g -O3 -idirafter /Users/cjfire/Desktop/CLionProjects/libs/SDL2-2.0.7/src/video/khronos -DCHECK_FUNCTION_EXISTS=getauxval -isysroot /Applications/Xcode.app/Contents/Developer/Platforms/MacOSX.platform/Developer/SDKs/MacOSX10.13.sdk   -o CMakeFiles/cmTC_2f5eb.dir/CheckFunctionExists.c.o   -c /Applications/CLion.app/Contents/bin/cmake/share/cmake-3.9/Modules/CheckFunctionExists.c
Linking C executable cmTC_2f5eb
/Applications/CLion.app/Contents/bin/cmake/bin/cmake -E cmake_link_script CMakeFiles/cmTC_2f5eb.dir/link.txt --verbose=1
/Applications/Xcode.app/Contents/Developer/Toolchains/XcodeDefault.xctoolchain/usr/bin/cc -g -O3 -idirafter /Users/cjfire/Desktop/CLionProjects/libs/SDL2-2.0.7/src/video/khronos -DCHECK_FUNCTION_EXISTS=getauxval -isysroot /Applications/Xcode.app/Contents/Developer/Platforms/MacOSX.platform/Developer/SDKs/MacOSX10.13.sdk -Wl,-search_paths_first -Wl,-headerpad_max_install_names   CMakeFiles/cmTC_2f5eb.dir/CheckFunctionExists.c.o  -o cmTC_2f5eb 
Undefined symbols for architecture x86_64:
  "_getauxval", referenced from:
      _main in CheckFunctionExists.c.o
ld: symbol(s) not found for architecture x86_64
clang: error: linker command failed with exit code 1 (use -v to see invocation)
make[1]: *** [cmTC_2f5eb] Error 1
make: *** [cmTC_2f5eb/fast] Error 2


Performing C SOURCE FILE Test HAVE_SEM_TIMEDWAIT failed with the following output:
Change Dir: /Users/cjfire/Desktop/CLionProjects/CMakeFiles/CMakeTmp

Run Build Command:"/usr/bin/make" "cmTC_bb485/fast"
/Applications/Xcode.app/Contents/Developer/usr/bin/make -f CMakeFiles/cmTC_bb485.dir/build.make CMakeFiles/cmTC_bb485.dir/build
Building C object CMakeFiles/cmTC_bb485.dir/src.c.o
/Applications/Xcode.app/Contents/Developer/Toolchains/XcodeDefault.xctoolchain/usr/bin/cc   -g -O3 -idirafter /Users/cjfire/Desktop/CLionProjects/libs/SDL2-2.0.7/src/video/khronos -DHAVE_SEM_TIMEDWAIT  -D_THREAD_SAFE -isysroot /Applications/Xcode.app/Contents/Developer/Platforms/MacOSX.platform/Developer/SDKs/MacOSX10.13.sdk   -o CMakeFiles/cmTC_bb485.dir/src.c.o   -c /Users/cjfire/Desktop/CLionProjects/CMakeFiles/CMakeTmp/src.c
/Users/cjfire/Desktop/CLionProjects/CMakeFiles/CMakeTmp/src.c:5:19: warning: implicit declaration of function 'sem_timedwait' is invalid in C99 [-Wimplicit-function-declaration]
                  sem_timedwait(NULL, NULL);
                  ^
1 warning generated.
Linking C executable cmTC_bb485
/Applications/CLion.app/Contents/bin/cmake/bin/cmake -E cmake_link_script CMakeFiles/cmTC_bb485.dir/link.txt --verbose=1
/Applications/Xcode.app/Contents/Developer/Toolchains/XcodeDefault.xctoolchain/usr/bin/cc -g -O3 -idirafter /Users/cjfire/Desktop/CLionProjects/libs/SDL2-2.0.7/src/video/khronos -DHAVE_SEM_TIMEDWAIT  -D_THREAD_SAFE -isysroot /Applications/Xcode.app/Contents/Developer/Platforms/MacOSX.platform/Developer/SDKs/MacOSX10.13.sdk -Wl,-search_paths_first -Wl,-headerpad_max_install_names   CMakeFiles/cmTC_bb485.dir/src.c.o  -o cmTC_bb485 
Undefined symbols for architecture x86_64:
  "_sem_timedwait", referenced from:
      _main in src.c.o
ld: symbol(s) not found for architecture x86_64
clang: error: linker command failed with exit code 1 (use -v to see invocation)
make[1]: *** [cmTC_bb485] Error 1
make: *** [cmTC_bb485/fast] Error 2

Source file was:

              #include <pthread.h>
              #include <semaphore.h>
              int main(int argc, char **argv) {
                  sem_timedwait(NULL, NULL);
                  return 0;
              }
Performing C SOURCE FILE Test HAVE_PTHREAD_NP_H failed with the following output:
Change Dir: /Users/cjfire/Desktop/CLionProjects/CMakeFiles/CMakeTmp

Run Build Command:"/usr/bin/make" "cmTC_2fc7f/fast"
/Applications/Xcode.app/Contents/Developer/usr/bin/make -f CMakeFiles/cmTC_2fc7f.dir/build.make CMakeFiles/cmTC_2fc7f.dir/build
Building C object CMakeFiles/cmTC_2fc7f.dir/src.c.o
/Applications/Xcode.app/Contents/Developer/Toolchains/XcodeDefault.xctoolchain/usr/bin/cc   -g -O3 -idirafter /Users/cjfire/Desktop/CLionProjects/libs/SDL2-2.0.7/src/video/khronos -DHAVE_PTHREAD_NP_H  -D_THREAD_SAFE -isysroot /Applications/Xcode.app/Contents/Developer/Platforms/MacOSX.platform/Developer/SDKs/MacOSX10.13.sdk   -o CMakeFiles/cmTC_2fc7f.dir/src.c.o   -c /Users/cjfire/Desktop/CLionProjects/CMakeFiles/CMakeTmp/src.c
/Users/cjfire/Desktop/CLionProjects/CMakeFiles/CMakeTmp/src.c:3:20: fatal error: 'pthread_np.h' file not found
          #include <pthread_np.h>
                   ^~~~~~~~~~~~~~
1 error generated.
make[1]: *** [CMakeFiles/cmTC_2fc7f.dir/src.c.o] Error 1
make: *** [cmTC_2fc7f/fast] Error 2

Source file was:

          #include <pthread.h>
          #include <pthread_np.h>
          int main(int argc, char** argv) { return 0; }
Determining if the function pthread_set_name_np exists failed with the following output:
Change Dir: /Users/cjfire/Desktop/CLionProjects/CMakeFiles/CMakeTmp

Run Build Command:"/usr/bin/make" "cmTC_60009/fast"
/Applications/Xcode.app/Contents/Developer/usr/bin/make -f CMakeFiles/cmTC_60009.dir/build.make CMakeFiles/cmTC_60009.dir/build
Building C object CMakeFiles/cmTC_60009.dir/CheckFunctionExists.c.o
/Applications/Xcode.app/Contents/Developer/Toolchains/XcodeDefault.xctoolchain/usr/bin/cc   -g -O3 -idirafter /Users/cjfire/Desktop/CLionProjects/libs/SDL2-2.0.7/src/video/khronos -DCHECK_FUNCTION_EXISTS=pthread_set_name_np  -D_THREAD_SAFE -isysroot /Applications/Xcode.app/Contents/Developer/Platforms/MacOSX.platform/Developer/SDKs/MacOSX10.13.sdk   -o CMakeFiles/cmTC_60009.dir/CheckFunctionExists.c.o   -c /Applications/CLion.app/Contents/bin/cmake/share/cmake-3.9/Modules/CheckFunctionExists.c
Linking C executable cmTC_60009
/Applications/CLion.app/Contents/bin/cmake/bin/cmake -E cmake_link_script CMakeFiles/cmTC_60009.dir/link.txt --verbose=1
/Applications/Xcode.app/Contents/Developer/Toolchains/XcodeDefault.xctoolchain/usr/bin/cc -g -O3 -idirafter /Users/cjfire/Desktop/CLionProjects/libs/SDL2-2.0.7/src/video/khronos -DCHECK_FUNCTION_EXISTS=pthread_set_name_np  -D_THREAD_SAFE -isysroot /Applications/Xcode.app/Contents/Developer/Platforms/MacOSX.platform/Developer/SDKs/MacOSX10.13.sdk -Wl,-search_paths_first -Wl,-headerpad_max_install_names   CMakeFiles/cmTC_60009.dir/CheckFunctionExists.c.o  -o cmTC_60009 
Undefined symbols for architecture x86_64:
  "_pthread_set_name_np", referenced from:
      _main in CheckFunctionExists.c.o
ld: symbol(s) not found for architecture x86_64
clang: error: linker command failed with exit code 1 (use -v to see invocation)
make[1]: *** [cmTC_60009] Error 1
make: *** [cmTC_60009/fast] Error 2


