Performing C SOURCE FILE Test HAVE_GCC_PREFERRED_STACK_BOUNDARY failed with the following output:
Change Dir: /Users/tom/Downloads/CLionProjects/build/CMakeFiles/CMakeTmp

Run Build Command:"/usr/bin/xcodebuild" "-project" "CMAKE_TRY_COMPILE.xcodeproj" "build" "-target" "cmTC_03b88" "-configuration" "Debug"
=== BUILD TARGET cmTC_03b88 OF PROJECT CMAKE_TRY_COMPILE WITH CONFIGURATION Debug ===

Check dependencies

Write auxiliary files
/bin/mkdir -p /Users/tom/Downloads/CLionProjects/build/CMakeFiles/CMakeTmp/CMAKE_TRY_COMPILE.build/Debug/cmTC_03b88.build/Objects-normal/x86_64
write-file /Users/tom/Downloads/CLionProjects/build/CMakeFiles/CMakeTmp/CMAKE_TRY_COMPILE.build/Debug/cmTC_03b88.build/Objects-normal/x86_64/cmTC_03b88.LinkFileList

CompileC CMAKE_TRY_COMPILE.build/Debug/cmTC_03b88.build/Objects-normal/x86_64/src.o src.c normal x86_64 c com.apple.compilers.llvm.clang.1_0.compiler
    cd /Users/tom/Downloads/CLionProjects/build/CMakeFiles/CMakeTmp
    export LANG=en_US.US-ASCII
    /Applications/Xcode.app/Contents/Developer/Toolchains/XcodeDefault.xctoolchain/usr/bin/clang -x c -arch x86_64 -fmessage-length=0 -fdiagnostics-show-note-include-stack -fmacro-backtrace-limit=0 -Wno-trigraphs -fpascal-strings -O0 -Wno-missing-field-initializers -Wno-missing-prototypes -Wno-return-type -Wno-missing-braces -Wparentheses -Wswitch -Wno-unused-function -Wno-unused-label -Wno-unused-parameter -Wno-unused-variable -Wunused-value -Wno-empty-body -Wno-uninitialized -Wno-unknown-pragmas -Wno-shadow -Wno-four-char-constants -Wno-conversion -Wno-constant-conversion -Wno-int-conversion -Wno-bool-conversion -Wno-enum-conversion -Wno-float-conversion -Wno-non-literal-null-conversion -Wno-objc-literal-conversion -Wno-shorten-64-to-32 -Wpointer-sign -Wno-newline-eof -DCMAKE_INTDIR=\"Debug\" -isysroot /Applications/Xcode.app/Contents/Developer/Platforms/MacOSX.platform/Developer/SDKs/MacOSX10.13.sdk -fasm-blocks -fstrict-aliasing -Wdeprecated-declarations -mmacosx-version-min=10.13 -g -Wno-sign-conversion -Wno-infinite-recursion -Wno-comma -Wno-block-capture-autoreleasing -Wno-strict-prototypes -I/Users/tom/Downloads/CLionProjects/build/CMakeFiles/CMakeTmp/Debug/include -I/Users/tom/Downloads/CLionProjects/build/CMakeFiles/CMakeTmp/CMAKE_TRY_COMPILE.build/Debug/cmTC_03b88.build/DerivedSources/x86_64 -I/Users/tom/Downloads/CLionProjects/build/CMakeFiles/CMakeTmp/CMAKE_TRY_COMPILE.build/Debug/cmTC_03b88.build/DerivedSources -Wmost -Wno-four-char-constants -Wno-unknown-pragmas -F/Users/tom/Downloads/CLionProjects/build/CMakeFiles/CMakeTmp/Debug -idirafter /Users/tom/Downloads/CLionProjects/libs/SDL2-2.0.7/src/video/khronos -DHAVE_GCC_PREFERRED_STACK_BOUNDARY -mpreferred-stack-boundary=2 -MMD -MT dependencies -MF /Users/tom/Downloads/CLionProjects/build/CMakeFiles/CMakeTmp/CMAKE_TRY_COMPILE.build/Debug/cmTC_03b88.build/Objects-normal/x86_64/src.d --serialize-diagnostics /Users/tom/Downloads/CLionProjects/build/CMakeFiles/CMakeTmp/CMAKE_TRY_COMPILE.build/Debug/cmTC_03b88.build/Objects-normal/x86_64/src.dia -c /Users/tom/Downloads/CLionProjects/build/CMakeFiles/CMakeTmp/src.c -o /Users/tom/Downloads/CLionProjects/build/CMakeFiles/CMakeTmp/CMAKE_TRY_COMPILE.build/Debug/cmTC_03b88.build/Objects-normal/x86_64/src.o
clang: error: unknown argument: '-mpreferred-stack-boundary=2'

** BUILD FAILED **


The following build commands failed:
	CompileC CMAKE_TRY_COMPILE.build/Debug/cmTC_03b88.build/Objects-normal/x86_64/src.o src.c normal x86_64 c com.apple.compilers.llvm.clang.1_0.compiler
(1 failure)

Source file was:
int x = 0; int main(int argc, char **argv) {}
Performing C SOURCE FILE Test HAVE_ALTIVEC_H_HDR failed with the following output:
Change Dir: /Users/tom/Downloads/CLionProjects/build/CMakeFiles/CMakeTmp

Run Build Command:"/usr/bin/xcodebuild" "-project" "CMAKE_TRY_COMPILE.xcodeproj" "build" "-target" "cmTC_bd2d9" "-configuration" "Debug"
=== BUILD TARGET cmTC_bd2d9 OF PROJECT CMAKE_TRY_COMPILE WITH CONFIGURATION Debug ===

Check dependencies

Write auxiliary files
/bin/mkdir -p /Users/tom/Downloads/CLionProjects/build/CMakeFiles/CMakeTmp/CMAKE_TRY_COMPILE.build/Debug/cmTC_bd2d9.build/Objects-normal/x86_64
write-file /Users/tom/Downloads/CLionProjects/build/CMakeFiles/CMakeTmp/CMAKE_TRY_COMPILE.build/Debug/cmTC_bd2d9.build/Objects-normal/x86_64/cmTC_bd2d9.LinkFileList

CompileC CMAKE_TRY_COMPILE.build/Debug/cmTC_bd2d9.build/Objects-normal/x86_64/src.o src.c normal x86_64 c com.apple.compilers.llvm.clang.1_0.compiler
    cd /Users/tom/Downloads/CLionProjects/build/CMakeFiles/CMakeTmp
    export LANG=en_US.US-ASCII
    /Applications/Xcode.app/Contents/Developer/Toolchains/XcodeDefault.xctoolchain/usr/bin/clang -x c -arch x86_64 -fmessage-length=0 -fdiagnostics-show-note-include-stack -fmacro-backtrace-limit=0 -Wno-trigraphs -fpascal-strings -O0 -Wno-missing-field-initializers -Wno-missing-prototypes -Wno-return-type -Wno-missing-braces -Wparentheses -Wswitch -Wno-unused-function -Wno-unused-label -Wno-unused-parameter -Wno-unused-variable -Wunused-value -Wno-empty-body -Wno-uninitialized -Wno-unknown-pragmas -Wno-shadow -Wno-four-char-constants -Wno-conversion -Wno-constant-conversion -Wno-int-conversion -Wno-bool-conversion -Wno-enum-conversion -Wno-float-conversion -Wno-non-literal-null-conversion -Wno-objc-literal-conversion -Wno-shorten-64-to-32 -Wpointer-sign -Wno-newline-eof -DCMAKE_INTDIR=\"Debug\" -isysroot /Applications/Xcode.app/Contents/Developer/Platforms/MacOSX.platform/Developer/SDKs/MacOSX10.13.sdk -fasm-blocks -fstrict-aliasing -Wdeprecated-declarations -mmacosx-version-min=10.13 -g -Wno-sign-conversion -Wno-infinite-recursion -Wno-comma -Wno-block-capture-autoreleasing -Wno-strict-prototypes -I/Users/tom/Downloads/CLionProjects/build/CMakeFiles/CMakeTmp/Debug/include -I/Users/tom/Downloads/CLionProjects/build/CMakeFiles/CMakeTmp/CMAKE_TRY_COMPILE.build/Debug/cmTC_bd2d9.build/DerivedSources/x86_64 -I/Users/tom/Downloads/CLionProjects/build/CMakeFiles/CMakeTmp/CMAKE_TRY_COMPILE.build/Debug/cmTC_bd2d9.build/DerivedSources -Wmost -Wno-four-char-constants -Wno-unknown-pragmas -F/Users/tom/Downloads/CLionProjects/build/CMakeFiles/CMakeTmp/Debug -idirafter /Users/tom/Downloads/CLionProjects/libs/SDL2-2.0.7/src/video/khronos -DHAVE_ALTIVEC_H_HDR -maltivec -MMD -MT dependencies -MF /Users/tom/Downloads/CLionProjects/build/CMakeFiles/CMakeTmp/CMAKE_TRY_COMPILE.build/Debug/cmTC_bd2d9.build/Objects-normal/x86_64/src.d --serialize-diagnostics /Users/tom/Downloads/CLionProjects/build/CMakeFiles/CMakeTmp/CMAKE_TRY_COMPILE.build/Debug/cmTC_bd2d9.build/Objects-normal/x86_64/src.dia -c /Users/tom/Downloads/CLionProjects/build/CMakeFiles/CMakeTmp/src.c -o /Users/tom/Downloads/CLionProjects/build/CMakeFiles/CMakeTmp/CMAKE_TRY_COMPILE.build/Debug/cmTC_bd2d9.build/Objects-normal/x86_64/src.o
clang: error: invalid argument '-faltivec' only allowed with 'ppc/ppc64/ppc64le'

** BUILD FAILED **


The following build commands failed:
	CompileC CMAKE_TRY_COMPILE.build/Debug/cmTC_bd2d9.build/Objects-normal/x86_64/src.o src.c normal x86_64 c com.apple.compilers.llvm.clang.1_0.compiler
(1 failure)

Source file was:

          #include <altivec.h>
          vector unsigned int vzero() {
              return vec_splat_u32(0);
          }
          int main(int argc, char **argv) { }
Performing C SOURCE FILE Test HAVE_ALTIVEC failed with the following output:
Change Dir: /Users/tom/Downloads/CLionProjects/build/CMakeFiles/CMakeTmp

Run Build Command:"/usr/bin/xcodebuild" "-project" "CMAKE_TRY_COMPILE.xcodeproj" "build" "-target" "cmTC_eadea" "-configuration" "Debug"
=== BUILD TARGET cmTC_eadea OF PROJECT CMAKE_TRY_COMPILE WITH CONFIGURATION Debug ===

Check dependencies

Write auxiliary files
/bin/mkdir -p /Users/tom/Downloads/CLionProjects/build/CMakeFiles/CMakeTmp/CMAKE_TRY_COMPILE.build/Debug/cmTC_eadea.build/Objects-normal/x86_64
write-file /Users/tom/Downloads/CLionProjects/build/CMakeFiles/CMakeTmp/CMAKE_TRY_COMPILE.build/Debug/cmTC_eadea.build/Objects-normal/x86_64/cmTC_eadea.LinkFileList

CompileC CMAKE_TRY_COMPILE.build/Debug/cmTC_eadea.build/Objects-normal/x86_64/src.o src.c normal x86_64 c com.apple.compilers.llvm.clang.1_0.compiler
    cd /Users/tom/Downloads/CLionProjects/build/CMakeFiles/CMakeTmp
    export LANG=en_US.US-ASCII
    /Applications/Xcode.app/Contents/Developer/Toolchains/XcodeDefault.xctoolchain/usr/bin/clang -x c -arch x86_64 -fmessage-length=0 -fdiagnostics-show-note-include-stack -fmacro-backtrace-limit=0 -Wno-trigraphs -fpascal-strings -O0 -Wno-missing-field-initializers -Wno-missing-prototypes -Wno-return-type -Wno-missing-braces -Wparentheses -Wswitch -Wno-unused-function -Wno-unused-label -Wno-unused-parameter -Wno-unused-variable -Wunused-value -Wno-empty-body -Wno-uninitialized -Wno-unknown-pragmas -Wno-shadow -Wno-four-char-constants -Wno-conversion -Wno-constant-conversion -Wno-int-conversion -Wno-bool-conversion -Wno-enum-conversion -Wno-float-conversion -Wno-non-literal-null-conversion -Wno-objc-literal-conversion -Wno-shorten-64-to-32 -Wpointer-sign -Wno-newline-eof -DCMAKE_INTDIR=\"Debug\" -isysroot /Applications/Xcode.app/Contents/Developer/Platforms/MacOSX.platform/Developer/SDKs/MacOSX10.13.sdk -fasm-blocks -fstrict-aliasing -Wdeprecated-declarations -mmacosx-version-min=10.13 -g -Wno-sign-conversion -Wno-infinite-recursion -Wno-comma -Wno-block-capture-autoreleasing -Wno-strict-prototypes -I/Users/tom/Downloads/CLionProjects/build/CMakeFiles/CMakeTmp/Debug/include -I/Users/tom/Downloads/CLionProjects/build/CMakeFiles/CMakeTmp/CMAKE_TRY_COMPILE.build/Debug/cmTC_eadea.build/DerivedSources/x86_64 -I/Users/tom/Downloads/CLionProjects/build/CMakeFiles/CMakeTmp/CMAKE_TRY_COMPILE.build/Debug/cmTC_eadea.build/DerivedSources -Wmost -Wno-four-char-constants -Wno-unknown-pragmas -F/Users/tom/Downloads/CLionProjects/build/CMakeFiles/CMakeTmp/Debug -idirafter /Users/tom/Downloads/CLionProjects/libs/SDL2-2.0.7/src/video/khronos -DHAVE_ALTIVEC -maltivec -MMD -MT dependencies -MF /Users/tom/Downloads/CLionProjects/build/CMakeFiles/CMakeTmp/CMAKE_TRY_COMPILE.build/Debug/cmTC_eadea.build/Objects-normal/x86_64/src.d --serialize-diagnostics /Users/tom/Downloads/CLionProjects/build/CMakeFiles/CMakeTmp/CMAKE_TRY_COMPILE.build/Debug/cmTC_eadea.build/Objects-normal/x86_64/src.dia -c /Users/tom/Downloads/CLionProjects/build/CMakeFiles/CMakeTmp/src.c -o /Users/tom/Downloads/CLionProjects/build/CMakeFiles/CMakeTmp/CMAKE_TRY_COMPILE.build/Debug/cmTC_eadea.build/Objects-normal/x86_64/src.o
clang: error: invalid argument '-faltivec' only allowed with 'ppc/ppc64/ppc64le'

** BUILD FAILED **


The following build commands failed:
	CompileC CMAKE_TRY_COMPILE.build/Debug/cmTC_eadea.build/Objects-normal/x86_64/src.o src.c normal x86_64 c com.apple.compilers.llvm.clang.1_0.compiler
(1 failure)

Source file was:

          vector unsigned int vzero() {
              return vec_splat_u32(0);
          }
          int main(int argc, char **argv) { }
Determining if the include file malloc.h exists failed with the following output:
Change Dir: /Users/tom/Downloads/CLionProjects/build/CMakeFiles/CMakeTmp

Run Build Command:"/usr/bin/xcodebuild" "-project" "CMAKE_TRY_COMPILE.xcodeproj" "build" "-target" "cmTC_aa9a0" "-configuration" "Debug"
=== BUILD TARGET cmTC_aa9a0 OF PROJECT CMAKE_TRY_COMPILE WITH CONFIGURATION Debug ===

Check dependencies

Write auxiliary files
/bin/mkdir -p /Users/tom/Downloads/CLionProjects/build/CMakeFiles/CMakeTmp/CMAKE_TRY_COMPILE.build/Debug/cmTC_aa9a0.build/Objects-normal/x86_64
write-file /Users/tom/Downloads/CLionProjects/build/CMakeFiles/CMakeTmp/CMAKE_TRY_COMPILE.build/Debug/cmTC_aa9a0.build/Objects-normal/x86_64/cmTC_aa9a0.LinkFileList

CompileC CMAKE_TRY_COMPILE.build/Debug/cmTC_aa9a0.build/Objects-normal/x86_64/CheckIncludeFile.o CheckIncludeFile.c normal x86_64 c com.apple.compilers.llvm.clang.1_0.compiler
    cd /Users/tom/Downloads/CLionProjects/build/CMakeFiles/CMakeTmp
    export LANG=en_US.US-ASCII
    /Applications/Xcode.app/Contents/Developer/Toolchains/XcodeDefault.xctoolchain/usr/bin/clang -x c -arch x86_64 -fmessage-length=0 -fdiagnostics-show-note-include-stack -fmacro-backtrace-limit=0 -Wno-trigraphs -fpascal-strings -O0 -Wno-missing-field-initializers -Wno-missing-prototypes -Wno-return-type -Wno-missing-braces -Wparentheses -Wswitch -Wno-unused-function -Wno-unused-label -Wno-unused-parameter -Wno-unused-variable -Wunused-value -Wno-empty-body -Wno-uninitialized -Wno-unknown-pragmas -Wno-shadow -Wno-four-char-constants -Wno-conversion -Wno-constant-conversion -Wno-int-conversion -Wno-bool-conversion -Wno-enum-conversion -Wno-float-conversion -Wno-non-literal-null-conversion -Wno-objc-literal-conversion -Wno-shorten-64-to-32 -Wpointer-sign -Wno-newline-eof -DCMAKE_INTDIR=\"Debug\" -isysroot /Applications/Xcode.app/Contents/Developer/Platforms/MacOSX.platform/Developer/SDKs/MacOSX10.13.sdk -fasm-blocks -fstrict-aliasing -Wdeprecated-declarations -mmacosx-version-min=10.13 -g -Wno-sign-conversion -Wno-infinite-recursion -Wno-comma -Wno-block-capture-autoreleasing -Wno-strict-prototypes -I/Users/tom/Downloads/CLionProjects/build/CMakeFiles/CMakeTmp/Debug/include -I/Users/tom/Downloads/CLionProjects/build/CMakeFiles/CMakeTmp/CMAKE_TRY_COMPILE.build/Debug/cmTC_aa9a0.build/DerivedSources/x86_64 -I/Users/tom/Downloads/CLionProjects/build/CMakeFiles/CMakeTmp/CMAKE_TRY_COMPILE.build/Debug/cmTC_aa9a0.build/DerivedSources -Wmost -Wno-four-char-constants -Wno-unknown-pragmas -F/Users/tom/Downloads/CLionProjects/build/CMakeFiles/CMakeTmp/Debug -idirafter /Users/tom/Downloads/CLionProjects/libs/SDL2-2.0.7/src/video/khronos -MMD -MT dependencies -MF /Users/tom/Downloads/CLionProjects/build/CMakeFiles/CMakeTmp/CMAKE_TRY_COMPILE.build/Debug/cmTC_aa9a0.build/Objects-normal/x86_64/CheckIncludeFile.d --serialize-diagnostics /Users/tom/Downloads/CLionProjects/build/CMakeFiles/CMakeTmp/CMAKE_TRY_COMPILE.build/Debug/cmTC_aa9a0.build/Objects-normal/x86_64/CheckIncludeFile.dia -c /Users/tom/Downloads/CLionProjects/build/CMakeFiles/CMakeTmp/CheckIncludeFile.c -o /Users/tom/Downloads/CLionProjects/build/CMakeFiles/CMakeTmp/CMAKE_TRY_COMPILE.build/Debug/cmTC_aa9a0.build/Objects-normal/x86_64/CheckIncludeFile.o
/Users/tom/Downloads/CLionProjects/build/CMakeFiles/CMakeTmp/CheckIncludeFile.c:1:10: fatal error: 'malloc.h' file not found
#include <malloc.h>
         ^~~~~~~~~~
1 error generated.

** BUILD FAILED **


The following build commands failed:
	CompileC CMAKE_TRY_COMPILE.build/Debug/cmTC_aa9a0.build/Objects-normal/x86_64/CheckIncludeFile.o CheckIncludeFile.c normal x86_64 c com.apple.compilers.llvm.clang.1_0.compiler
(1 failure)


Determining if the function _strrev exists failed with the following output:
Change Dir: /Users/tom/Downloads/CLionProjects/build/CMakeFiles/CMakeTmp

Run Build Command:"/usr/bin/xcodebuild" "-project" "CMAKE_TRY_COMPILE.xcodeproj" "build" "-target" "cmTC_d16c2" "-configuration" "Debug"
=== BUILD TARGET cmTC_d16c2 OF PROJECT CMAKE_TRY_COMPILE WITH CONFIGURATION Debug ===

Check dependencies

Write auxiliary files
/bin/mkdir -p /Users/tom/Downloads/CLionProjects/build/CMakeFiles/CMakeTmp/CMAKE_TRY_COMPILE.build/Debug/cmTC_d16c2.build/Objects-normal/x86_64
write-file /Users/tom/Downloads/CLionProjects/build/CMakeFiles/CMakeTmp/CMAKE_TRY_COMPILE.build/Debug/cmTC_d16c2.build/Objects-normal/x86_64/cmTC_d16c2.LinkFileList

CompileC CMAKE_TRY_COMPILE.build/Debug/cmTC_d16c2.build/Objects-normal/x86_64/CheckFunctionExists.o /usr/local/Cellar/cmake/3.10.2/share/cmake/Modules/CheckFunctionExists.c normal x86_64 c com.apple.compilers.llvm.clang.1_0.compiler
    cd /Users/tom/Downloads/CLionProjects/build/CMakeFiles/CMakeTmp
    export LANG=en_US.US-ASCII
    /Applications/Xcode.app/Contents/Developer/Toolchains/XcodeDefault.xctoolchain/usr/bin/clang -x c -arch x86_64 -fmessage-length=0 -fdiagnostics-show-note-include-stack -fmacro-backtrace-limit=0 -Wno-trigraphs -fpascal-strings -O0 -Wno-missing-field-initializers -Wno-missing-prototypes -Wno-return-type -Wno-missing-braces -Wparentheses -Wswitch -Wno-unused-function -Wno-unused-label -Wno-unused-parameter -Wno-unused-variable -Wunused-value -Wno-empty-body -Wno-uninitialized -Wno-unknown-pragmas -Wno-shadow -Wno-four-char-constants -Wno-conversion -Wno-constant-conversion -Wno-int-conversion -Wno-bool-conversion -Wno-enum-conversion -Wno-float-conversion -Wno-non-literal-null-conversion -Wno-objc-literal-conversion -Wno-shorten-64-to-32 -Wpointer-sign -Wno-newline-eof -DCMAKE_INTDIR=\"Debug\" -isysroot /Applications/Xcode.app/Contents/Developer/Platforms/MacOSX.platform/Developer/SDKs/MacOSX10.13.sdk -fasm-blocks -fstrict-aliasing -Wdeprecated-declarations -mmacosx-version-min=10.13 -g -Wno-sign-conversion -Wno-infinite-recursion -Wno-comma -Wno-block-capture-autoreleasing -Wno-strict-prototypes -I/Users/tom/Downloads/CLionProjects/build/CMakeFiles/CMakeTmp/Debug/include -I/Users/tom/Downloads/CLionProjects/build/CMakeFiles/CMakeTmp/CMAKE_TRY_COMPILE.build/Debug/cmTC_d16c2.build/DerivedSources/x86_64 -I/Users/tom/Downloads/CLionProjects/build/CMakeFiles/CMakeTmp/CMAKE_TRY_COMPILE.build/Debug/cmTC_d16c2.build/DerivedSources -Wmost -Wno-four-char-constants -Wno-unknown-pragmas -F/Users/tom/Downloads/CLionProjects/build/CMakeFiles/CMakeTmp/Debug -idirafter /Users/tom/Downloads/CLionProjects/libs/SDL2-2.0.7/src/video/khronos -DCHECK_FUNCTION_EXISTS=_strrev -MMD -MT dependencies -MF /Users/tom/Downloads/CLionProjects/build/CMakeFiles/CMakeTmp/CMAKE_TRY_COMPILE.build/Debug/cmTC_d16c2.build/Objects-normal/x86_64/CheckFunctionExists.d --serialize-diagnostics /Users/tom/Downloads/CLionProjects/build/CMakeFiles/CMakeTmp/CMAKE_TRY_COMPILE.build/Debug/cmTC_d16c2.build/Objects-normal/x86_64/CheckFunctionExists.dia -c /usr/local/Cellar/cmake/3.10.2/share/cmake/Modules/CheckFunctionExists.c -o /Users/tom/Downloads/CLionProjects/build/CMakeFiles/CMakeTmp/CMAKE_TRY_COMPILE.build/Debug/cmTC_d16c2.build/Objects-normal/x86_64/CheckFunctionExists.o

Ld Debug/cmTC_d16c2 normal x86_64
    cd /Users/tom/Downloads/CLionProjects/build/CMakeFiles/CMakeTmp
    export MACOSX_DEPLOYMENT_TARGET=10.13
    /Applications/Xcode.app/Contents/Developer/Toolchains/XcodeDefault.xctoolchain/usr/bin/clang -arch x86_64 -isysroot /Applications/Xcode.app/Contents/Developer/Platforms/MacOSX.platform/Developer/SDKs/MacOSX10.13.sdk -L/Users/tom/Downloads/CLionProjects/build/CMakeFiles/CMakeTmp/Debug -F/Users/tom/Downloads/CLionProjects/build/CMakeFiles/CMakeTmp/Debug -filelist /Users/tom/Downloads/CLionProjects/build/CMakeFiles/CMakeTmp/CMAKE_TRY_COMPILE.build/Debug/cmTC_d16c2.build/Objects-normal/x86_64/cmTC_d16c2.LinkFileList -mmacosx-version-min=10.13 -Xlinker -object_path_lto -Xlinker /Users/tom/Downloads/CLionProjects/build/CMakeFiles/CMakeTmp/CMAKE_TRY_COMPILE.build/Debug/cmTC_d16c2.build/Objects-normal/x86_64/cmTC_d16c2_lto.o -Xlinker -no_deduplicate -Wl,-search_paths_first -Wl,-headerpad_max_install_names -Xlinker -dependency_info -Xlinker /Users/tom/Downloads/CLionProjects/build/CMakeFiles/CMakeTmp/CMAKE_TRY_COMPILE.build/Debug/cmTC_d16c2.build/Objects-normal/x86_64/cmTC_d16c2_dependency_info.dat -o /Users/tom/Downloads/CLionProjects/build/CMakeFiles/CMakeTmp/Debug/cmTC_d16c2
Undefined symbols for architecture x86_64:
  "__strrev", referenced from:
      _main in CheckFunctionExists.o
ld: symbol(s) not found for architecture x86_64
clang: error: linker command failed with exit code 1 (use -v to see invocation)

** BUILD FAILED **


The following build commands failed:
	Ld Debug/cmTC_d16c2 normal x86_64
(1 failure)


Determining if the function _strupr exists failed with the following output:
Change Dir: /Users/tom/Downloads/CLionProjects/build/CMakeFiles/CMakeTmp

Run Build Command:"/usr/bin/xcodebuild" "-project" "CMAKE_TRY_COMPILE.xcodeproj" "build" "-target" "cmTC_a8835" "-configuration" "Debug"
=== BUILD TARGET cmTC_a8835 OF PROJECT CMAKE_TRY_COMPILE WITH CONFIGURATION Debug ===

Check dependencies

Write auxiliary files
/bin/mkdir -p /Users/tom/Downloads/CLionProjects/build/CMakeFiles/CMakeTmp/CMAKE_TRY_COMPILE.build/Debug/cmTC_a8835.build/Objects-normal/x86_64
write-file /Users/tom/Downloads/CLionProjects/build/CMakeFiles/CMakeTmp/CMAKE_TRY_COMPILE.build/Debug/cmTC_a8835.build/Objects-normal/x86_64/cmTC_a8835.LinkFileList

CompileC CMAKE_TRY_COMPILE.build/Debug/cmTC_a8835.build/Objects-normal/x86_64/CheckFunctionExists.o /usr/local/Cellar/cmake/3.10.2/share/cmake/Modules/CheckFunctionExists.c normal x86_64 c com.apple.compilers.llvm.clang.1_0.compiler
    cd /Users/tom/Downloads/CLionProjects/build/CMakeFiles/CMakeTmp
    export LANG=en_US.US-ASCII
    /Applications/Xcode.app/Contents/Developer/Toolchains/XcodeDefault.xctoolchain/usr/bin/clang -x c -arch x86_64 -fmessage-length=0 -fdiagnostics-show-note-include-stack -fmacro-backtrace-limit=0 -Wno-trigraphs -fpascal-strings -O0 -Wno-missing-field-initializers -Wno-missing-prototypes -Wno-return-type -Wno-missing-braces -Wparentheses -Wswitch -Wno-unused-function -Wno-unused-label -Wno-unused-parameter -Wno-unused-variable -Wunused-value -Wno-empty-body -Wno-uninitialized -Wno-unknown-pragmas -Wno-shadow -Wno-four-char-constants -Wno-conversion -Wno-constant-conversion -Wno-int-conversion -Wno-bool-conversion -Wno-enum-conversion -Wno-float-conversion -Wno-non-literal-null-conversion -Wno-objc-literal-conversion -Wno-shorten-64-to-32 -Wpointer-sign -Wno-newline-eof -DCMAKE_INTDIR=\"Debug\" -isysroot /Applications/Xcode.app/Contents/Developer/Platforms/MacOSX.platform/Developer/SDKs/MacOSX10.13.sdk -fasm-blocks -fstrict-aliasing -Wdeprecated-declarations -mmacosx-version-min=10.13 -g -Wno-sign-conversion -Wno-infinite-recursion -Wno-comma -Wno-block-capture-autoreleasing -Wno-strict-prototypes -I/Users/tom/Downloads/CLionProjects/build/CMakeFiles/CMakeTmp/Debug/include -I/Users/tom/Downloads/CLionProjects/build/CMakeFiles/CMakeTmp/CMAKE_TRY_COMPILE.build/Debug/cmTC_a8835.build/DerivedSources/x86_64 -I/Users/tom/Downloads/CLionProjects/build/CMakeFiles/CMakeTmp/CMAKE_TRY_COMPILE.build/Debug/cmTC_a8835.build/DerivedSources -Wmost -Wno-four-char-constants -Wno-unknown-pragmas -F/Users/tom/Downloads/CLionProjects/build/CMakeFiles/CMakeTmp/Debug -idirafter /Users/tom/Downloads/CLionProjects/libs/SDL2-2.0.7/src/video/khronos -DCHECK_FUNCTION_EXISTS=_strupr -MMD -MT dependencies -MF /Users/tom/Downloads/CLionProjects/build/CMakeFiles/CMakeTmp/CMAKE_TRY_COMPILE.build/Debug/cmTC_a8835.build/Objects-normal/x86_64/CheckFunctionExists.d --serialize-diagnostics /Users/tom/Downloads/CLionProjects/build/CMakeFiles/CMakeTmp/CMAKE_TRY_COMPILE.build/Debug/cmTC_a8835.build/Objects-normal/x86_64/CheckFunctionExists.dia -c /usr/local/Cellar/cmake/3.10.2/share/cmake/Modules/CheckFunctionExists.c -o /Users/tom/Downloads/CLionProjects/build/CMakeFiles/CMakeTmp/CMAKE_TRY_COMPILE.build/Debug/cmTC_a8835.build/Objects-normal/x86_64/CheckFunctionExists.o

Ld Debug/cmTC_a8835 normal x86_64
    cd /Users/tom/Downloads/CLionProjects/build/CMakeFiles/CMakeTmp
    export MACOSX_DEPLOYMENT_TARGET=10.13
    /Applications/Xcode.app/Contents/Developer/Toolchains/XcodeDefault.xctoolchain/usr/bin/clang -arch x86_64 -isysroot /Applications/Xcode.app/Contents/Developer/Platforms/MacOSX.platform/Developer/SDKs/MacOSX10.13.sdk -L/Users/tom/Downloads/CLionProjects/build/CMakeFiles/CMakeTmp/Debug -F/Users/tom/Downloads/CLionProjects/build/CMakeFiles/CMakeTmp/Debug -filelist /Users/tom/Downloads/CLionProjects/build/CMakeFiles/CMakeTmp/CMAKE_TRY_COMPILE.build/Debug/cmTC_a8835.build/Objects-normal/x86_64/cmTC_a8835.LinkFileList -mmacosx-version-min=10.13 -Xlinker -object_path_lto -Xlinker /Users/tom/Downloads/CLionProjects/build/CMakeFiles/CMakeTmp/CMAKE_TRY_COMPILE.build/Debug/cmTC_a8835.build/Objects-normal/x86_64/cmTC_a8835_lto.o -Xlinker -no_deduplicate -Wl,-search_paths_first -Wl,-headerpad_max_install_names -Xlinker -dependency_info -Xlinker /Users/tom/Downloads/CLionProjects/build/CMakeFiles/CMakeTmp/CMAKE_TRY_COMPILE.build/Debug/cmTC_a8835.build/Objects-normal/x86_64/cmTC_a8835_dependency_info.dat -o /Users/tom/Downloads/CLionProjects/build/CMakeFiles/CMakeTmp/Debug/cmTC_a8835
Undefined symbols for architecture x86_64:
  "__strupr", referenced from:
      _main in CheckFunctionExists.o
ld: symbol(s) not found for architecture x86_64
clang: error: linker command failed with exit code 1 (use -v to see invocation)

** BUILD FAILED **


The following build commands failed:
	Ld Debug/cmTC_a8835 normal x86_64
(1 failure)


Determining if the function _strlwr exists failed with the following output:
Change Dir: /Users/tom/Downloads/CLionProjects/build/CMakeFiles/CMakeTmp

Run Build Command:"/usr/bin/xcodebuild" "-project" "CMAKE_TRY_COMPILE.xcodeproj" "build" "-target" "cmTC_149da" "-configuration" "Debug"
=== BUILD TARGET cmTC_149da OF PROJECT CMAKE_TRY_COMPILE WITH CONFIGURATION Debug ===

Check dependencies

Write auxiliary files
/bin/mkdir -p /Users/tom/Downloads/CLionProjects/build/CMakeFiles/CMakeTmp/CMAKE_TRY_COMPILE.build/Debug/cmTC_149da.build/Objects-normal/x86_64
write-file /Users/tom/Downloads/CLionProjects/build/CMakeFiles/CMakeTmp/CMAKE_TRY_COMPILE.build/Debug/cmTC_149da.build/Objects-normal/x86_64/cmTC_149da.LinkFileList

CompileC CMAKE_TRY_COMPILE.build/Debug/cmTC_149da.build/Objects-normal/x86_64/CheckFunctionExists.o /usr/local/Cellar/cmake/3.10.2/share/cmake/Modules/CheckFunctionExists.c normal x86_64 c com.apple.compilers.llvm.clang.1_0.compiler
    cd /Users/tom/Downloads/CLionProjects/build/CMakeFiles/CMakeTmp
    export LANG=en_US.US-ASCII
    /Applications/Xcode.app/Contents/Developer/Toolchains/XcodeDefault.xctoolchain/usr/bin/clang -x c -arch x86_64 -fmessage-length=0 -fdiagnostics-show-note-include-stack -fmacro-backtrace-limit=0 -Wno-trigraphs -fpascal-strings -O0 -Wno-missing-field-initializers -Wno-missing-prototypes -Wno-return-type -Wno-missing-braces -Wparentheses -Wswitch -Wno-unused-function -Wno-unused-label -Wno-unused-parameter -Wno-unused-variable -Wunused-value -Wno-empty-body -Wno-uninitialized -Wno-unknown-pragmas -Wno-shadow -Wno-four-char-constants -Wno-conversion -Wno-constant-conversion -Wno-int-conversion -Wno-bool-conversion -Wno-enum-conversion -Wno-float-conversion -Wno-non-literal-null-conversion -Wno-objc-literal-conversion -Wno-shorten-64-to-32 -Wpointer-sign -Wno-newline-eof -DCMAKE_INTDIR=\"Debug\" -isysroot /Applications/Xcode.app/Contents/Developer/Platforms/MacOSX.platform/Developer/SDKs/MacOSX10.13.sdk -fasm-blocks -fstrict-aliasing -Wdeprecated-declarations -mmacosx-version-min=10.13 -g -Wno-sign-conversion -Wno-infinite-recursion -Wno-comma -Wno-block-capture-autoreleasing -Wno-strict-prototypes -I/Users/tom/Downloads/CLionProjects/build/CMakeFiles/CMakeTmp/Debug/include -I/Users/tom/Downloads/CLionProjects/build/CMakeFiles/CMakeTmp/CMAKE_TRY_COMPILE.build/Debug/cmTC_149da.build/DerivedSources/x86_64 -I/Users/tom/Downloads/CLionProjects/build/CMakeFiles/CMakeTmp/CMAKE_TRY_COMPILE.build/Debug/cmTC_149da.build/DerivedSources -Wmost -Wno-four-char-constants -Wno-unknown-pragmas -F/Users/tom/Downloads/CLionProjects/build/CMakeFiles/CMakeTmp/Debug -idirafter /Users/tom/Downloads/CLionProjects/libs/SDL2-2.0.7/src/video/khronos -DCHECK_FUNCTION_EXISTS=_strlwr -MMD -MT dependencies -MF /Users/tom/Downloads/CLionProjects/build/CMakeFiles/CMakeTmp/CMAKE_TRY_COMPILE.build/Debug/cmTC_149da.build/Objects-normal/x86_64/CheckFunctionExists.d --serialize-diagnostics /Users/tom/Downloads/CLionProjects/build/CMakeFiles/CMakeTmp/CMAKE_TRY_COMPILE.build/Debug/cmTC_149da.build/Objects-normal/x86_64/CheckFunctionExists.dia -c /usr/local/Cellar/cmake/3.10.2/share/cmake/Modules/CheckFunctionExists.c -o /Users/tom/Downloads/CLionProjects/build/CMakeFiles/CMakeTmp/CMAKE_TRY_COMPILE.build/Debug/cmTC_149da.build/Objects-normal/x86_64/CheckFunctionExists.o

Ld Debug/cmTC_149da normal x86_64
    cd /Users/tom/Downloads/CLionProjects/build/CMakeFiles/CMakeTmp
    export MACOSX_DEPLOYMENT_TARGET=10.13
    /Applications/Xcode.app/Contents/Developer/Toolchains/XcodeDefault.xctoolchain/usr/bin/clang -arch x86_64 -isysroot /Applications/Xcode.app/Contents/Developer/Platforms/MacOSX.platform/Developer/SDKs/MacOSX10.13.sdk -L/Users/tom/Downloads/CLionProjects/build/CMakeFiles/CMakeTmp/Debug -F/Users/tom/Downloads/CLionProjects/build/CMakeFiles/CMakeTmp/Debug -filelist /Users/tom/Downloads/CLionProjects/build/CMakeFiles/CMakeTmp/CMAKE_TRY_COMPILE.build/Debug/cmTC_149da.build/Objects-normal/x86_64/cmTC_149da.LinkFileList -mmacosx-version-min=10.13 -Xlinker -object_path_lto -Xlinker /Users/tom/Downloads/CLionProjects/build/CMakeFiles/CMakeTmp/CMAKE_TRY_COMPILE.build/Debug/cmTC_149da.build/Objects-normal/x86_64/cmTC_149da_lto.o -Xlinker -no_deduplicate -Wl,-search_paths_first -Wl,-headerpad_max_install_names -Xlinker -dependency_info -Xlinker /Users/tom/Downloads/CLionProjects/build/CMakeFiles/CMakeTmp/CMAKE_TRY_COMPILE.build/Debug/cmTC_149da.build/Objects-normal/x86_64/cmTC_149da_dependency_info.dat -o /Users/tom/Downloads/CLionProjects/build/CMakeFiles/CMakeTmp/Debug/cmTC_149da
Undefined symbols for architecture x86_64:
  "__strlwr", referenced from:
      _main in CheckFunctionExists.o
ld: symbol(s) not found for architecture x86_64
clang: error: linker command failed with exit code 1 (use -v to see invocation)

** BUILD FAILED **


The following build commands failed:
	Ld Debug/cmTC_149da normal x86_64
(1 failure)


Determining if the function itoa exists failed with the following output:
Change Dir: /Users/tom/Downloads/CLionProjects/build/CMakeFiles/CMakeTmp

Run Build Command:"/usr/bin/xcodebuild" "-project" "CMAKE_TRY_COMPILE.xcodeproj" "build" "-target" "cmTC_15df1" "-configuration" "Debug"
=== BUILD TARGET cmTC_15df1 OF PROJECT CMAKE_TRY_COMPILE WITH CONFIGURATION Debug ===

Check dependencies

Write auxiliary files
/bin/mkdir -p /Users/tom/Downloads/CLionProjects/build/CMakeFiles/CMakeTmp/CMAKE_TRY_COMPILE.build/Debug/cmTC_15df1.build/Objects-normal/x86_64
write-file /Users/tom/Downloads/CLionProjects/build/CMakeFiles/CMakeTmp/CMAKE_TRY_COMPILE.build/Debug/cmTC_15df1.build/Objects-normal/x86_64/cmTC_15df1.LinkFileList

CompileC CMAKE_TRY_COMPILE.build/Debug/cmTC_15df1.build/Objects-normal/x86_64/CheckFunctionExists.o /usr/local/Cellar/cmake/3.10.2/share/cmake/Modules/CheckFunctionExists.c normal x86_64 c com.apple.compilers.llvm.clang.1_0.compiler
    cd /Users/tom/Downloads/CLionProjects/build/CMakeFiles/CMakeTmp
    export LANG=en_US.US-ASCII
    /Applications/Xcode.app/Contents/Developer/Toolchains/XcodeDefault.xctoolchain/usr/bin/clang -x c -arch x86_64 -fmessage-length=0 -fdiagnostics-show-note-include-stack -fmacro-backtrace-limit=0 -Wno-trigraphs -fpascal-strings -O0 -Wno-missing-field-initializers -Wno-missing-prototypes -Wno-return-type -Wno-missing-braces -Wparentheses -Wswitch -Wno-unused-function -Wno-unused-label -Wno-unused-parameter -Wno-unused-variable -Wunused-value -Wno-empty-body -Wno-uninitialized -Wno-unknown-pragmas -Wno-shadow -Wno-four-char-constants -Wno-conversion -Wno-constant-conversion -Wno-int-conversion -Wno-bool-conversion -Wno-enum-conversion -Wno-float-conversion -Wno-non-literal-null-conversion -Wno-objc-literal-conversion -Wno-shorten-64-to-32 -Wpointer-sign -Wno-newline-eof -DCMAKE_INTDIR=\"Debug\" -isysroot /Applications/Xcode.app/Contents/Developer/Platforms/MacOSX.platform/Developer/SDKs/MacOSX10.13.sdk -fasm-blocks -fstrict-aliasing -Wdeprecated-declarations -mmacosx-version-min=10.13 -g -Wno-sign-conversion -Wno-infinite-recursion -Wno-comma -Wno-block-capture-autoreleasing -Wno-strict-prototypes -I/Users/tom/Downloads/CLionProjects/build/CMakeFiles/CMakeTmp/Debug/include -I/Users/tom/Downloads/CLionProjects/build/CMakeFiles/CMakeTmp/CMAKE_TRY_COMPILE.build/Debug/cmTC_15df1.build/DerivedSources/x86_64 -I/Users/tom/Downloads/CLionProjects/build/CMakeFiles/CMakeTmp/CMAKE_TRY_COMPILE.build/Debug/cmTC_15df1.build/DerivedSources -Wmost -Wno-four-char-constants -Wno-unknown-pragmas -F/Users/tom/Downloads/CLionProjects/build/CMakeFiles/CMakeTmp/Debug -idirafter /Users/tom/Downloads/CLionProjects/libs/SDL2-2.0.7/src/video/khronos -DCHECK_FUNCTION_EXISTS=itoa -MMD -MT dependencies -MF /Users/tom/Downloads/CLionProjects/build/CMakeFiles/CMakeTmp/CMAKE_TRY_COMPILE.build/Debug/cmTC_15df1.build/Objects-normal/x86_64/CheckFunctionExists.d --serialize-diagnostics /Users/tom/Downloads/CLionProjects/build/CMakeFiles/CMakeTmp/CMAKE_TRY_COMPILE.build/Debug/cmTC_15df1.build/Objects-normal/x86_64/CheckFunctionExists.dia -c /usr/local/Cellar/cmake/3.10.2/share/cmake/Modules/CheckFunctionExists.c -o /Users/tom/Downloads/CLionProjects/build/CMakeFiles/CMakeTmp/CMAKE_TRY_COMPILE.build/Debug/cmTC_15df1.build/Objects-normal/x86_64/CheckFunctionExists.o

Ld Debug/cmTC_15df1 normal x86_64
    cd /Users/tom/Downloads/CLionProjects/build/CMakeFiles/CMakeTmp
    export MACOSX_DEPLOYMENT_TARGET=10.13
    /Applications/Xcode.app/Contents/Developer/Toolchains/XcodeDefault.xctoolchain/usr/bin/clang -arch x86_64 -isysroot /Applications/Xcode.app/Contents/Developer/Platforms/MacOSX.platform/Developer/SDKs/MacOSX10.13.sdk -L/Users/tom/Downloads/CLionProjects/build/CMakeFiles/CMakeTmp/Debug -F/Users/tom/Downloads/CLionProjects/build/CMakeFiles/CMakeTmp/Debug -filelist /Users/tom/Downloads/CLionProjects/build/CMakeFiles/CMakeTmp/CMAKE_TRY_COMPILE.build/Debug/cmTC_15df1.build/Objects-normal/x86_64/cmTC_15df1.LinkFileList -mmacosx-version-min=10.13 -Xlinker -object_path_lto -Xlinker /Users/tom/Downloads/CLionProjects/build/CMakeFiles/CMakeTmp/CMAKE_TRY_COMPILE.build/Debug/cmTC_15df1.build/Objects-normal/x86_64/cmTC_15df1_lto.o -Xlinker -no_deduplicate -Wl,-search_paths_first -Wl,-headerpad_max_install_names -Xlinker -dependency_info -Xlinker /Users/tom/Downloads/CLionProjects/build/CMakeFiles/CMakeTmp/CMAKE_TRY_COMPILE.build/Debug/cmTC_15df1.build/Objects-normal/x86_64/cmTC_15df1_dependency_info.dat -o /Users/tom/Downloads/CLionProjects/build/CMakeFiles/CMakeTmp/Debug/cmTC_15df1
Undefined symbols for architecture x86_64:
  "_itoa", referenced from:
      _main in CheckFunctionExists.o
ld: symbol(s) not found for architecture x86_64
clang: error: linker command failed with exit code 1 (use -v to see invocation)

** BUILD FAILED **


The following build commands failed:
	Ld Debug/cmTC_15df1 normal x86_64
(1 failure)


Determining if the function _ltoa exists failed with the following output:
Change Dir: /Users/tom/Downloads/CLionProjects/build/CMakeFiles/CMakeTmp

Run Build Command:"/usr/bin/xcodebuild" "-project" "CMAKE_TRY_COMPILE.xcodeproj" "build" "-target" "cmTC_6d8ec" "-configuration" "Debug"
=== BUILD TARGET cmTC_6d8ec OF PROJECT CMAKE_TRY_COMPILE WITH CONFIGURATION Debug ===

Check dependencies

Write auxiliary files
/bin/mkdir -p /Users/tom/Downloads/CLionProjects/build/CMakeFiles/CMakeTmp/CMAKE_TRY_COMPILE.build/Debug/cmTC_6d8ec.build/Objects-normal/x86_64
write-file /Users/tom/Downloads/CLionProjects/build/CMakeFiles/CMakeTmp/CMAKE_TRY_COMPILE.build/Debug/cmTC_6d8ec.build/Objects-normal/x86_64/cmTC_6d8ec.LinkFileList

CompileC CMAKE_TRY_COMPILE.build/Debug/cmTC_6d8ec.build/Objects-normal/x86_64/CheckFunctionExists.o /usr/local/Cellar/cmake/3.10.2/share/cmake/Modules/CheckFunctionExists.c normal x86_64 c com.apple.compilers.llvm.clang.1_0.compiler
    cd /Users/tom/Downloads/CLionProjects/build/CMakeFiles/CMakeTmp
    export LANG=en_US.US-ASCII
    /Applications/Xcode.app/Contents/Developer/Toolchains/XcodeDefault.xctoolchain/usr/bin/clang -x c -arch x86_64 -fmessage-length=0 -fdiagnostics-show-note-include-stack -fmacro-backtrace-limit=0 -Wno-trigraphs -fpascal-strings -O0 -Wno-missing-field-initializers -Wno-missing-prototypes -Wno-return-type -Wno-missing-braces -Wparentheses -Wswitch -Wno-unused-function -Wno-unused-label -Wno-unused-parameter -Wno-unused-variable -Wunused-value -Wno-empty-body -Wno-uninitialized -Wno-unknown-pragmas -Wno-shadow -Wno-four-char-constants -Wno-conversion -Wno-constant-conversion -Wno-int-conversion -Wno-bool-conversion -Wno-enum-conversion -Wno-float-conversion -Wno-non-literal-null-conversion -Wno-objc-literal-conversion -Wno-shorten-64-to-32 -Wpointer-sign -Wno-newline-eof -DCMAKE_INTDIR=\"Debug\" -isysroot /Applications/Xcode.app/Contents/Developer/Platforms/MacOSX.platform/Developer/SDKs/MacOSX10.13.sdk -fasm-blocks -fstrict-aliasing -Wdeprecated-declarations -mmacosx-version-min=10.13 -g -Wno-sign-conversion -Wno-infinite-recursion -Wno-comma -Wno-block-capture-autoreleasing -Wno-strict-prototypes -I/Users/tom/Downloads/CLionProjects/build/CMakeFiles/CMakeTmp/Debug/include -I/Users/tom/Downloads/CLionProjects/build/CMakeFiles/CMakeTmp/CMAKE_TRY_COMPILE.build/Debug/cmTC_6d8ec.build/DerivedSources/x86_64 -I/Users/tom/Downloads/CLionProjects/build/CMakeFiles/CMakeTmp/CMAKE_TRY_COMPILE.build/Debug/cmTC_6d8ec.build/DerivedSources -Wmost -Wno-four-char-constants -Wno-unknown-pragmas -F/Users/tom/Downloads/CLionProjects/build/CMakeFiles/CMakeTmp/Debug -idirafter /Users/tom/Downloads/CLionProjects/libs/SDL2-2.0.7/src/video/khronos -DCHECK_FUNCTION_EXISTS=_ltoa -MMD -MT dependencies -MF /Users/tom/Downloads/CLionProjects/build/CMakeFiles/CMakeTmp/CMAKE_TRY_COMPILE.build/Debug/cmTC_6d8ec.build/Objects-normal/x86_64/CheckFunctionExists.d --serialize-diagnostics /Users/tom/Downloads/CLionProjects/build/CMakeFiles/CMakeTmp/CMAKE_TRY_COMPILE.build/Debug/cmTC_6d8ec.build/Objects-normal/x86_64/CheckFunctionExists.dia -c /usr/local/Cellar/cmake/3.10.2/share/cmake/Modules/CheckFunctionExists.c -o /Users/tom/Downloads/CLionProjects/build/CMakeFiles/CMakeTmp/CMAKE_TRY_COMPILE.build/Debug/cmTC_6d8ec.build/Objects-normal/x86_64/CheckFunctionExists.o

Ld Debug/cmTC_6d8ec normal x86_64
    cd /Users/tom/Downloads/CLionProjects/build/CMakeFiles/CMakeTmp
    export MACOSX_DEPLOYMENT_TARGET=10.13
    /Applications/Xcode.app/Contents/Developer/Toolchains/XcodeDefault.xctoolchain/usr/bin/clang -arch x86_64 -isysroot /Applications/Xcode.app/Contents/Developer/Platforms/MacOSX.platform/Developer/SDKs/MacOSX10.13.sdk -L/Users/tom/Downloads/CLionProjects/build/CMakeFiles/CMakeTmp/Debug -F/Users/tom/Downloads/CLionProjects/build/CMakeFiles/CMakeTmp/Debug -filelist /Users/tom/Downloads/CLionProjects/build/CMakeFiles/CMakeTmp/CMAKE_TRY_COMPILE.build/Debug/cmTC_6d8ec.build/Objects-normal/x86_64/cmTC_6d8ec.LinkFileList -mmacosx-version-min=10.13 -Xlinker -object_path_lto -Xlinker /Users/tom/Downloads/CLionProjects/build/CMakeFiles/CMakeTmp/CMAKE_TRY_COMPILE.build/Debug/cmTC_6d8ec.build/Objects-normal/x86_64/cmTC_6d8ec_lto.o -Xlinker -no_deduplicate -Wl,-search_paths_first -Wl,-headerpad_max_install_names -Xlinker -dependency_info -Xlinker /Users/tom/Downloads/CLionProjects/build/CMakeFiles/CMakeTmp/CMAKE_TRY_COMPILE.build/Debug/cmTC_6d8ec.build/Objects-normal/x86_64/cmTC_6d8ec_dependency_info.dat -o /Users/tom/Downloads/CLionProjects/build/CMakeFiles/CMakeTmp/Debug/cmTC_6d8ec
Undefined symbols for architecture x86_64:
  "__ltoa", referenced from:
      _main in CheckFunctionExists.o
ld: symbol(s) not found for architecture x86_64
clang: error: linker command failed with exit code 1 (use -v to see invocation)

** BUILD FAILED **


The following build commands failed:
	Ld Debug/cmTC_6d8ec normal x86_64
(1 failure)


Determining if the function _uitoa exists failed with the following output:
Change Dir: /Users/tom/Downloads/CLionProjects/build/CMakeFiles/CMakeTmp

Run Build Command:"/usr/bin/xcodebuild" "-project" "CMAKE_TRY_COMPILE.xcodeproj" "build" "-target" "cmTC_8871f" "-configuration" "Debug"
=== BUILD TARGET cmTC_8871f OF PROJECT CMAKE_TRY_COMPILE WITH CONFIGURATION Debug ===

Check dependencies

Write auxiliary files
/bin/mkdir -p /Users/tom/Downloads/CLionProjects/build/CMakeFiles/CMakeTmp/CMAKE_TRY_COMPILE.build/Debug/cmTC_8871f.build/Objects-normal/x86_64
write-file /Users/tom/Downloads/CLionProjects/build/CMakeFiles/CMakeTmp/CMAKE_TRY_COMPILE.build/Debug/cmTC_8871f.build/Objects-normal/x86_64/cmTC_8871f.LinkFileList

CompileC CMAKE_TRY_COMPILE.build/Debug/cmTC_8871f.build/Objects-normal/x86_64/CheckFunctionExists.o /usr/local/Cellar/cmake/3.10.2/share/cmake/Modules/CheckFunctionExists.c normal x86_64 c com.apple.compilers.llvm.clang.1_0.compiler
    cd /Users/tom/Downloads/CLionProjects/build/CMakeFiles/CMakeTmp
    export LANG=en_US.US-ASCII
    /Applications/Xcode.app/Contents/Developer/Toolchains/XcodeDefault.xctoolchain/usr/bin/clang -x c -arch x86_64 -fmessage-length=0 -fdiagnostics-show-note-include-stack -fmacro-backtrace-limit=0 -Wno-trigraphs -fpascal-strings -O0 -Wno-missing-field-initializers -Wno-missing-prototypes -Wno-return-type -Wno-missing-braces -Wparentheses -Wswitch -Wno-unused-function -Wno-unused-label -Wno-unused-parameter -Wno-unused-variable -Wunused-value -Wno-empty-body -Wno-uninitialized -Wno-unknown-pragmas -Wno-shadow -Wno-four-char-constants -Wno-conversion -Wno-constant-conversion -Wno-int-conversion -Wno-bool-conversion -Wno-enum-conversion -Wno-float-conversion -Wno-non-literal-null-conversion -Wno-objc-literal-conversion -Wno-shorten-64-to-32 -Wpointer-sign -Wno-newline-eof -DCMAKE_INTDIR=\"Debug\" -isysroot /Applications/Xcode.app/Contents/Developer/Platforms/MacOSX.platform/Developer/SDKs/MacOSX10.13.sdk -fasm-blocks -fstrict-aliasing -Wdeprecated-declarations -mmacosx-version-min=10.13 -g -Wno-sign-conversion -Wno-infinite-recursion -Wno-comma -Wno-block-capture-autoreleasing -Wno-strict-prototypes -I/Users/tom/Downloads/CLionProjects/build/CMakeFiles/CMakeTmp/Debug/include -I/Users/tom/Downloads/CLionProjects/build/CMakeFiles/CMakeTmp/CMAKE_TRY_COMPILE.build/Debug/cmTC_8871f.build/DerivedSources/x86_64 -I/Users/tom/Downloads/CLionProjects/build/CMakeFiles/CMakeTmp/CMAKE_TRY_COMPILE.build/Debug/cmTC_8871f.build/DerivedSources -Wmost -Wno-four-char-constants -Wno-unknown-pragmas -F/Users/tom/Downloads/CLionProjects/build/CMakeFiles/CMakeTmp/Debug -idirafter /Users/tom/Downloads/CLionProjects/libs/SDL2-2.0.7/src/video/khronos -DCHECK_FUNCTION_EXISTS=_uitoa -MMD -MT dependencies -MF /Users/tom/Downloads/CLionProjects/build/CMakeFiles/CMakeTmp/CMAKE_TRY_COMPILE.build/Debug/cmTC_8871f.build/Objects-normal/x86_64/CheckFunctionExists.d --serialize-diagnostics /Users/tom/Downloads/CLionProjects/build/CMakeFiles/CMakeTmp/CMAKE_TRY_COMPILE.build/Debug/cmTC_8871f.build/Objects-normal/x86_64/CheckFunctionExists.dia -c /usr/local/Cellar/cmake/3.10.2/share/cmake/Modules/CheckFunctionExists.c -o /Users/tom/Downloads/CLionProjects/build/CMakeFiles/CMakeTmp/CMAKE_TRY_COMPILE.build/Debug/cmTC_8871f.build/Objects-normal/x86_64/CheckFunctionExists.o

Ld Debug/cmTC_8871f normal x86_64
    cd /Users/tom/Downloads/CLionProjects/build/CMakeFiles/CMakeTmp
    export MACOSX_DEPLOYMENT_TARGET=10.13
    /Applications/Xcode.app/Contents/Developer/Toolchains/XcodeDefault.xctoolchain/usr/bin/clang -arch x86_64 -isysroot /Applications/Xcode.app/Contents/Developer/Platforms/MacOSX.platform/Developer/SDKs/MacOSX10.13.sdk -L/Users/tom/Downloads/CLionProjects/build/CMakeFiles/CMakeTmp/Debug -F/Users/tom/Downloads/CLionProjects/build/CMakeFiles/CMakeTmp/Debug -filelist /Users/tom/Downloads/CLionProjects/build/CMakeFiles/CMakeTmp/CMAKE_TRY_COMPILE.build/Debug/cmTC_8871f.build/Objects-normal/x86_64/cmTC_8871f.LinkFileList -mmacosx-version-min=10.13 -Xlinker -object_path_lto -Xlinker /Users/tom/Downloads/CLionProjects/build/CMakeFiles/CMakeTmp/CMAKE_TRY_COMPILE.build/Debug/cmTC_8871f.build/Objects-normal/x86_64/cmTC_8871f_lto.o -Xlinker -no_deduplicate -Wl,-search_paths_first -Wl,-headerpad_max_install_names -Xlinker -dependency_info -Xlinker /Users/tom/Downloads/CLionProjects/build/CMakeFiles/CMakeTmp/CMAKE_TRY_COMPILE.build/Debug/cmTC_8871f.build/Objects-normal/x86_64/cmTC_8871f_dependency_info.dat -o /Users/tom/Downloads/CLionProjects/build/CMakeFiles/CMakeTmp/Debug/cmTC_8871f
Undefined symbols for architecture x86_64:
  "__uitoa", referenced from:
      _main in CheckFunctionExists.o
ld: symbol(s) not found for architecture x86_64
clang: error: linker command failed with exit code 1 (use -v to see invocation)

** BUILD FAILED **


The following build commands failed:
	Ld Debug/cmTC_8871f normal x86_64
(1 failure)


Determining if the function _ultoa exists failed with the following output:
Change Dir: /Users/tom/Downloads/CLionProjects/build/CMakeFiles/CMakeTmp

Run Build Command:"/usr/bin/xcodebuild" "-project" "CMAKE_TRY_COMPILE.xcodeproj" "build" "-target" "cmTC_5c2df" "-configuration" "Debug"
=== BUILD TARGET cmTC_5c2df OF PROJECT CMAKE_TRY_COMPILE WITH CONFIGURATION Debug ===

Check dependencies

Write auxiliary files
/bin/mkdir -p /Users/tom/Downloads/CLionProjects/build/CMakeFiles/CMakeTmp/CMAKE_TRY_COMPILE.build/Debug/cmTC_5c2df.build/Objects-normal/x86_64
write-file /Users/tom/Downloads/CLionProjects/build/CMakeFiles/CMakeTmp/CMAKE_TRY_COMPILE.build/Debug/cmTC_5c2df.build/Objects-normal/x86_64/cmTC_5c2df.LinkFileList

CompileC CMAKE_TRY_COMPILE.build/Debug/cmTC_5c2df.build/Objects-normal/x86_64/CheckFunctionExists.o /usr/local/Cellar/cmake/3.10.2/share/cmake/Modules/CheckFunctionExists.c normal x86_64 c com.apple.compilers.llvm.clang.1_0.compiler
    cd /Users/tom/Downloads/CLionProjects/build/CMakeFiles/CMakeTmp
    export LANG=en_US.US-ASCII
    /Applications/Xcode.app/Contents/Developer/Toolchains/XcodeDefault.xctoolchain/usr/bin/clang -x c -arch x86_64 -fmessage-length=0 -fdiagnostics-show-note-include-stack -fmacro-backtrace-limit=0 -Wno-trigraphs -fpascal-strings -O0 -Wno-missing-field-initializers -Wno-missing-prototypes -Wno-return-type -Wno-missing-braces -Wparentheses -Wswitch -Wno-unused-function -Wno-unused-label -Wno-unused-parameter -Wno-unused-variable -Wunused-value -Wno-empty-body -Wno-uninitialized -Wno-unknown-pragmas -Wno-shadow -Wno-four-char-constants -Wno-conversion -Wno-constant-conversion -Wno-int-conversion -Wno-bool-conversion -Wno-enum-conversion -Wno-float-conversion -Wno-non-literal-null-conversion -Wno-objc-literal-conversion -Wno-shorten-64-to-32 -Wpointer-sign -Wno-newline-eof -DCMAKE_INTDIR=\"Debug\" -isysroot /Applications/Xcode.app/Contents/Developer/Platforms/MacOSX.platform/Developer/SDKs/MacOSX10.13.sdk -fasm-blocks -fstrict-aliasing -Wdeprecated-declarations -mmacosx-version-min=10.13 -g -Wno-sign-conversion -Wno-infinite-recursion -Wno-comma -Wno-block-capture-autoreleasing -Wno-strict-prototypes -I/Users/tom/Downloads/CLionProjects/build/CMakeFiles/CMakeTmp/Debug/include -I/Users/tom/Downloads/CLionProjects/build/CMakeFiles/CMakeTmp/CMAKE_TRY_COMPILE.build/Debug/cmTC_5c2df.build/DerivedSources/x86_64 -I/Users/tom/Downloads/CLionProjects/build/CMakeFiles/CMakeTmp/CMAKE_TRY_COMPILE.build/Debug/cmTC_5c2df.build/DerivedSources -Wmost -Wno-four-char-constants -Wno-unknown-pragmas -F/Users/tom/Downloads/CLionProjects/build/CMakeFiles/CMakeTmp/Debug -idirafter /Users/tom/Downloads/CLionProjects/libs/SDL2-2.0.7/src/video/khronos -DCHECK_FUNCTION_EXISTS=_ultoa -MMD -MT dependencies -MF /Users/tom/Downloads/CLionProjects/build/CMakeFiles/CMakeTmp/CMAKE_TRY_COMPILE.build/Debug/cmTC_5c2df.build/Objects-normal/x86_64/CheckFunctionExists.d --serialize-diagnostics /Users/tom/Downloads/CLionProjects/build/CMakeFiles/CMakeTmp/CMAKE_TRY_COMPILE.build/Debug/cmTC_5c2df.build/Objects-normal/x86_64/CheckFunctionExists.dia -c /usr/local/Cellar/cmake/3.10.2/share/cmake/Modules/CheckFunctionExists.c -o /Users/tom/Downloads/CLionProjects/build/CMakeFiles/CMakeTmp/CMAKE_TRY_COMPILE.build/Debug/cmTC_5c2df.build/Objects-normal/x86_64/CheckFunctionExists.o

Ld Debug/cmTC_5c2df normal x86_64
    cd /Users/tom/Downloads/CLionProjects/build/CMakeFiles/CMakeTmp
    export MACOSX_DEPLOYMENT_TARGET=10.13
    /Applications/Xcode.app/Contents/Developer/Toolchains/XcodeDefault.xctoolchain/usr/bin/clang -arch x86_64 -isysroot /Applications/Xcode.app/Contents/Developer/Platforms/MacOSX.platform/Developer/SDKs/MacOSX10.13.sdk -L/Users/tom/Downloads/CLionProjects/build/CMakeFiles/CMakeTmp/Debug -F/Users/tom/Downloads/CLionProjects/build/CMakeFiles/CMakeTmp/Debug -filelist /Users/tom/Downloads/CLionProjects/build/CMakeFiles/CMakeTmp/CMAKE_TRY_COMPILE.build/Debug/cmTC_5c2df.build/Objects-normal/x86_64/cmTC_5c2df.LinkFileList -mmacosx-version-min=10.13 -Xlinker -object_path_lto -Xlinker /Users/tom/Downloads/CLionProjects/build/CMakeFiles/CMakeTmp/CMAKE_TRY_COMPILE.build/Debug/cmTC_5c2df.build/Objects-normal/x86_64/cmTC_5c2df_lto.o -Xlinker -no_deduplicate -Wl,-search_paths_first -Wl,-headerpad_max_install_names -Xlinker -dependency_info -Xlinker /Users/tom/Downloads/CLionProjects/build/CMakeFiles/CMakeTmp/CMAKE_TRY_COMPILE.build/Debug/cmTC_5c2df.build/Objects-normal/x86_64/cmTC_5c2df_dependency_info.dat -o /Users/tom/Downloads/CLionProjects/build/CMakeFiles/CMakeTmp/Debug/cmTC_5c2df
Undefined symbols for architecture x86_64:
  "__ultoa", referenced from:
      _main in CheckFunctionExists.o
ld: symbol(s) not found for architecture x86_64
clang: error: linker command failed with exit code 1 (use -v to see invocation)

** BUILD FAILED **


The following build commands failed:
	Ld Debug/cmTC_5c2df normal x86_64
(1 failure)


Determining if the function _i64toa exists failed with the following output:
Change Dir: /Users/tom/Downloads/CLionProjects/build/CMakeFiles/CMakeTmp

Run Build Command:"/usr/bin/xcodebuild" "-project" "CMAKE_TRY_COMPILE.xcodeproj" "build" "-target" "cmTC_b6785" "-configuration" "Debug"
=== BUILD TARGET cmTC_b6785 OF PROJECT CMAKE_TRY_COMPILE WITH CONFIGURATION Debug ===

Check dependencies

Write auxiliary files
/bin/mkdir -p /Users/tom/Downloads/CLionProjects/build/CMakeFiles/CMakeTmp/CMAKE_TRY_COMPILE.build/Debug/cmTC_b6785.build/Objects-normal/x86_64
write-file /Users/tom/Downloads/CLionProjects/build/CMakeFiles/CMakeTmp/CMAKE_TRY_COMPILE.build/Debug/cmTC_b6785.build/Objects-normal/x86_64/cmTC_b6785.LinkFileList

CompileC CMAKE_TRY_COMPILE.build/Debug/cmTC_b6785.build/Objects-normal/x86_64/CheckFunctionExists.o /usr/local/Cellar/cmake/3.10.2/share/cmake/Modules/CheckFunctionExists.c normal x86_64 c com.apple.compilers.llvm.clang.1_0.compiler
    cd /Users/tom/Downloads/CLionProjects/build/CMakeFiles/CMakeTmp
    export LANG=en_US.US-ASCII
    /Applications/Xcode.app/Contents/Developer/Toolchains/XcodeDefault.xctoolchain/usr/bin/clang -x c -arch x86_64 -fmessage-length=0 -fdiagnostics-show-note-include-stack -fmacro-backtrace-limit=0 -Wno-trigraphs -fpascal-strings -O0 -Wno-missing-field-initializers -Wno-missing-prototypes -Wno-return-type -Wno-missing-braces -Wparentheses -Wswitch -Wno-unused-function -Wno-unused-label -Wno-unused-parameter -Wno-unused-variable -Wunused-value -Wno-empty-body -Wno-uninitialized -Wno-unknown-pragmas -Wno-shadow -Wno-four-char-constants -Wno-conversion -Wno-constant-conversion -Wno-int-conversion -Wno-bool-conversion -Wno-enum-conversion -Wno-float-conversion -Wno-non-literal-null-conversion -Wno-objc-literal-conversion -Wno-shorten-64-to-32 -Wpointer-sign -Wno-newline-eof -DCMAKE_INTDIR=\"Debug\" -isysroot /Applications/Xcode.app/Contents/Developer/Platforms/MacOSX.platform/Developer/SDKs/MacOSX10.13.sdk -fasm-blocks -fstrict-aliasing -Wdeprecated-declarations -mmacosx-version-min=10.13 -g -Wno-sign-conversion -Wno-infinite-recursion -Wno-comma -Wno-block-capture-autoreleasing -Wno-strict-prototypes -I/Users/tom/Downloads/CLionProjects/build/CMakeFiles/CMakeTmp/Debug/include -I/Users/tom/Downloads/CLionProjects/build/CMakeFiles/CMakeTmp/CMAKE_TRY_COMPILE.build/Debug/cmTC_b6785.build/DerivedSources/x86_64 -I/Users/tom/Downloads/CLionProjects/build/CMakeFiles/CMakeTmp/CMAKE_TRY_COMPILE.build/Debug/cmTC_b6785.build/DerivedSources -Wmost -Wno-four-char-constants -Wno-unknown-pragmas -F/Users/tom/Downloads/CLionProjects/build/CMakeFiles/CMakeTmp/Debug -idirafter /Users/tom/Downloads/CLionProjects/libs/SDL2-2.0.7/src/video/khronos -DCHECK_FUNCTION_EXISTS=_i64toa -MMD -MT dependencies -MF /Users/tom/Downloads/CLionProjects/build/CMakeFiles/CMakeTmp/CMAKE_TRY_COMPILE.build/Debug/cmTC_b6785.build/Objects-normal/x86_64/CheckFunctionExists.d --serialize-diagnostics /Users/tom/Downloads/CLionProjects/build/CMakeFiles/CMakeTmp/CMAKE_TRY_COMPILE.build/Debug/cmTC_b6785.build/Objects-normal/x86_64/CheckFunctionExists.dia -c /usr/local/Cellar/cmake/3.10.2/share/cmake/Modules/CheckFunctionExists.c -o /Users/tom/Downloads/CLionProjects/build/CMakeFiles/CMakeTmp/CMAKE_TRY_COMPILE.build/Debug/cmTC_b6785.build/Objects-normal/x86_64/CheckFunctionExists.o

Ld Debug/cmTC_b6785 normal x86_64
    cd /Users/tom/Downloads/CLionProjects/build/CMakeFiles/CMakeTmp
    export MACOSX_DEPLOYMENT_TARGET=10.13
    /Applications/Xcode.app/Contents/Developer/Toolchains/XcodeDefault.xctoolchain/usr/bin/clang -arch x86_64 -isysroot /Applications/Xcode.app/Contents/Developer/Platforms/MacOSX.platform/Developer/SDKs/MacOSX10.13.sdk -L/Users/tom/Downloads/CLionProjects/build/CMakeFiles/CMakeTmp/Debug -F/Users/tom/Downloads/CLionProjects/build/CMakeFiles/CMakeTmp/Debug -filelist /Users/tom/Downloads/CLionProjects/build/CMakeFiles/CMakeTmp/CMAKE_TRY_COMPILE.build/Debug/cmTC_b6785.build/Objects-normal/x86_64/cmTC_b6785.LinkFileList -mmacosx-version-min=10.13 -Xlinker -object_path_lto -Xlinker /Users/tom/Downloads/CLionProjects/build/CMakeFiles/CMakeTmp/CMAKE_TRY_COMPILE.build/Debug/cmTC_b6785.build/Objects-normal/x86_64/cmTC_b6785_lto.o -Xlinker -no_deduplicate -Wl,-search_paths_first -Wl,-headerpad_max_install_names -Xlinker -dependency_info -Xlinker /Users/tom/Downloads/CLionProjects/build/CMakeFiles/CMakeTmp/CMAKE_TRY_COMPILE.build/Debug/cmTC_b6785.build/Objects-normal/x86_64/cmTC_b6785_dependency_info.dat -o /Users/tom/Downloads/CLionProjects/build/CMakeFiles/CMakeTmp/Debug/cmTC_b6785
Undefined symbols for architecture x86_64:
  "__i64toa", referenced from:
      _main in CheckFunctionExists.o
ld: symbol(s) not found for architecture x86_64
clang: error: linker command failed with exit code 1 (use -v to see invocation)

** BUILD FAILED **


The following build commands failed:
	Ld Debug/cmTC_b6785 normal x86_64
(1 failure)


Determining if the function _ui64toa exists failed with the following output:
Change Dir: /Users/tom/Downloads/CLionProjects/build/CMakeFiles/CMakeTmp

Run Build Command:"/usr/bin/xcodebuild" "-project" "CMAKE_TRY_COMPILE.xcodeproj" "build" "-target" "cmTC_7d9d9" "-configuration" "Debug"
=== BUILD TARGET cmTC_7d9d9 OF PROJECT CMAKE_TRY_COMPILE WITH CONFIGURATION Debug ===

Check dependencies

Write auxiliary files
/bin/mkdir -p /Users/tom/Downloads/CLionProjects/build/CMakeFiles/CMakeTmp/CMAKE_TRY_COMPILE.build/Debug/cmTC_7d9d9.build/Objects-normal/x86_64
write-file /Users/tom/Downloads/CLionProjects/build/CMakeFiles/CMakeTmp/CMAKE_TRY_COMPILE.build/Debug/cmTC_7d9d9.build/Objects-normal/x86_64/cmTC_7d9d9.LinkFileList

CompileC CMAKE_TRY_COMPILE.build/Debug/cmTC_7d9d9.build/Objects-normal/x86_64/CheckFunctionExists.o /usr/local/Cellar/cmake/3.10.2/share/cmake/Modules/CheckFunctionExists.c normal x86_64 c com.apple.compilers.llvm.clang.1_0.compiler
    cd /Users/tom/Downloads/CLionProjects/build/CMakeFiles/CMakeTmp
    export LANG=en_US.US-ASCII
    /Applications/Xcode.app/Contents/Developer/Toolchains/XcodeDefault.xctoolchain/usr/bin/clang -x c -arch x86_64 -fmessage-length=0 -fdiagnostics-show-note-include-stack -fmacro-backtrace-limit=0 -Wno-trigraphs -fpascal-strings -O0 -Wno-missing-field-initializers -Wno-missing-prototypes -Wno-return-type -Wno-missing-braces -Wparentheses -Wswitch -Wno-unused-function -Wno-unused-label -Wno-unused-parameter -Wno-unused-variable -Wunused-value -Wno-empty-body -Wno-uninitialized -Wno-unknown-pragmas -Wno-shadow -Wno-four-char-constants -Wno-conversion -Wno-constant-conversion -Wno-int-conversion -Wno-bool-conversion -Wno-enum-conversion -Wno-float-conversion -Wno-non-literal-null-conversion -Wno-objc-literal-conversion -Wno-shorten-64-to-32 -Wpointer-sign -Wno-newline-eof -DCMAKE_INTDIR=\"Debug\" -isysroot /Applications/Xcode.app/Contents/Developer/Platforms/MacOSX.platform/Developer/SDKs/MacOSX10.13.sdk -fasm-blocks -fstrict-aliasing -Wdeprecated-declarations -mmacosx-version-min=10.13 -g -Wno-sign-conversion -Wno-infinite-recursion -Wno-comma -Wno-block-capture-autoreleasing -Wno-strict-prototypes -I/Users/tom/Downloads/CLionProjects/build/CMakeFiles/CMakeTmp/Debug/include -I/Users/tom/Downloads/CLionProjects/build/CMakeFiles/CMakeTmp/CMAKE_TRY_COMPILE.build/Debug/cmTC_7d9d9.build/DerivedSources/x86_64 -I/Users/tom/Downloads/CLionProjects/build/CMakeFiles/CMakeTmp/CMAKE_TRY_COMPILE.build/Debug/cmTC_7d9d9.build/DerivedSources -Wmost -Wno-four-char-constants -Wno-unknown-pragmas -F/Users/tom/Downloads/CLionProjects/build/CMakeFiles/CMakeTmp/Debug -idirafter /Users/tom/Downloads/CLionProjects/libs/SDL2-2.0.7/src/video/khronos -DCHECK_FUNCTION_EXISTS=_ui64toa -MMD -MT dependencies -MF /Users/tom/Downloads/CLionProjects/build/CMakeFiles/CMakeTmp/CMAKE_TRY_COMPILE.build/Debug/cmTC_7d9d9.build/Objects-normal/x86_64/CheckFunctionExists.d --serialize-diagnostics /Users/tom/Downloads/CLionProjects/build/CMakeFiles/CMakeTmp/CMAKE_TRY_COMPILE.build/Debug/cmTC_7d9d9.build/Objects-normal/x86_64/CheckFunctionExists.dia -c /usr/local/Cellar/cmake/3.10.2/share/cmake/Modules/CheckFunctionExists.c -o /Users/tom/Downloads/CLionProjects/build/CMakeFiles/CMakeTmp/CMAKE_TRY_COMPILE.build/Debug/cmTC_7d9d9.build/Objects-normal/x86_64/CheckFunctionExists.o

Ld Debug/cmTC_7d9d9 normal x86_64
    cd /Users/tom/Downloads/CLionProjects/build/CMakeFiles/CMakeTmp
    export MACOSX_DEPLOYMENT_TARGET=10.13
    /Applications/Xcode.app/Contents/Developer/Toolchains/XcodeDefault.xctoolchain/usr/bin/clang -arch x86_64 -isysroot /Applications/Xcode.app/Contents/Developer/Platforms/MacOSX.platform/Developer/SDKs/MacOSX10.13.sdk -L/Users/tom/Downloads/CLionProjects/build/CMakeFiles/CMakeTmp/Debug -F/Users/tom/Downloads/CLionProjects/build/CMakeFiles/CMakeTmp/Debug -filelist /Users/tom/Downloads/CLionProjects/build/CMakeFiles/CMakeTmp/CMAKE_TRY_COMPILE.build/Debug/cmTC_7d9d9.build/Objects-normal/x86_64/cmTC_7d9d9.LinkFileList -mmacosx-version-min=10.13 -Xlinker -object_path_lto -Xlinker /Users/tom/Downloads/CLionProjects/build/CMakeFiles/CMakeTmp/CMAKE_TRY_COMPILE.build/Debug/cmTC_7d9d9.build/Objects-normal/x86_64/cmTC_7d9d9_lto.o -Xlinker -no_deduplicate -Wl,-search_paths_first -Wl,-headerpad_max_install_names -Xlinker -dependency_info -Xlinker /Users/tom/Downloads/CLionProjects/build/CMakeFiles/CMakeTmp/CMAKE_TRY_COMPILE.build/Debug/cmTC_7d9d9.build/Objects-normal/x86_64/cmTC_7d9d9_dependency_info.dat -o /Users/tom/Downloads/CLionProjects/build/CMakeFiles/CMakeTmp/Debug/cmTC_7d9d9
Undefined symbols for architecture x86_64:
  "__ui64toa", referenced from:
      _main in CheckFunctionExists.o
ld: symbol(s) not found for architecture x86_64
clang: error: linker command failed with exit code 1 (use -v to see invocation)

** BUILD FAILED **


The following build commands failed:
	Ld Debug/cmTC_7d9d9 normal x86_64
(1 failure)


Determining if the function _stricmp exists failed with the following output:
Change Dir: /Users/tom/Downloads/CLionProjects/build/CMakeFiles/CMakeTmp

Run Build Command:"/usr/bin/xcodebuild" "-project" "CMAKE_TRY_COMPILE.xcodeproj" "build" "-target" "cmTC_867c8" "-configuration" "Debug"
=== BUILD TARGET cmTC_867c8 OF PROJECT CMAKE_TRY_COMPILE WITH CONFIGURATION Debug ===

Check dependencies

Write auxiliary files
/bin/mkdir -p /Users/tom/Downloads/CLionProjects/build/CMakeFiles/CMakeTmp/CMAKE_TRY_COMPILE.build/Debug/cmTC_867c8.build/Objects-normal/x86_64
write-file /Users/tom/Downloads/CLionProjects/build/CMakeFiles/CMakeTmp/CMAKE_TRY_COMPILE.build/Debug/cmTC_867c8.build/Objects-normal/x86_64/cmTC_867c8.LinkFileList

CompileC CMAKE_TRY_COMPILE.build/Debug/cmTC_867c8.build/Objects-normal/x86_64/CheckFunctionExists.o /usr/local/Cellar/cmake/3.10.2/share/cmake/Modules/CheckFunctionExists.c normal x86_64 c com.apple.compilers.llvm.clang.1_0.compiler
    cd /Users/tom/Downloads/CLionProjects/build/CMakeFiles/CMakeTmp
    export LANG=en_US.US-ASCII
    /Applications/Xcode.app/Contents/Developer/Toolchains/XcodeDefault.xctoolchain/usr/bin/clang -x c -arch x86_64 -fmessage-length=0 -fdiagnostics-show-note-include-stack -fmacro-backtrace-limit=0 -Wno-trigraphs -fpascal-strings -O0 -Wno-missing-field-initializers -Wno-missing-prototypes -Wno-return-type -Wno-missing-braces -Wparentheses -Wswitch -Wno-unused-function -Wno-unused-label -Wno-unused-parameter -Wno-unused-variable -Wunused-value -Wno-empty-body -Wno-uninitialized -Wno-unknown-pragmas -Wno-shadow -Wno-four-char-constants -Wno-conversion -Wno-constant-conversion -Wno-int-conversion -Wno-bool-conversion -Wno-enum-conversion -Wno-float-conversion -Wno-non-literal-null-conversion -Wno-objc-literal-conversion -Wno-shorten-64-to-32 -Wpointer-sign -Wno-newline-eof -DCMAKE_INTDIR=\"Debug\" -isysroot /Applications/Xcode.app/Contents/Developer/Platforms/MacOSX.platform/Developer/SDKs/MacOSX10.13.sdk -fasm-blocks -fstrict-aliasing -Wdeprecated-declarations -mmacosx-version-min=10.13 -g -Wno-sign-conversion -Wno-infinite-recursion -Wno-comma -Wno-block-capture-autoreleasing -Wno-strict-prototypes -I/Users/tom/Downloads/CLionProjects/build/CMakeFiles/CMakeTmp/Debug/include -I/Users/tom/Downloads/CLionProjects/build/CMakeFiles/CMakeTmp/CMAKE_TRY_COMPILE.build/Debug/cmTC_867c8.build/DerivedSources/x86_64 -I/Users/tom/Downloads/CLionProjects/build/CMakeFiles/CMakeTmp/CMAKE_TRY_COMPILE.build/Debug/cmTC_867c8.build/DerivedSources -Wmost -Wno-four-char-constants -Wno-unknown-pragmas -F/Users/tom/Downloads/CLionProjects/build/CMakeFiles/CMakeTmp/Debug -idirafter /Users/tom/Downloads/CLionProjects/libs/SDL2-2.0.7/src/video/khronos -DCHECK_FUNCTION_EXISTS=_stricmp -MMD -MT dependencies -MF /Users/tom/Downloads/CLionProjects/build/CMakeFiles/CMakeTmp/CMAKE_TRY_COMPILE.build/Debug/cmTC_867c8.build/Objects-normal/x86_64/CheckFunctionExists.d --serialize-diagnostics /Users/tom/Downloads/CLionProjects/build/CMakeFiles/CMakeTmp/CMAKE_TRY_COMPILE.build/Debug/cmTC_867c8.build/Objects-normal/x86_64/CheckFunctionExists.dia -c /usr/local/Cellar/cmake/3.10.2/share/cmake/Modules/CheckFunctionExists.c -o /Users/tom/Downloads/CLionProjects/build/CMakeFiles/CMakeTmp/CMAKE_TRY_COMPILE.build/Debug/cmTC_867c8.build/Objects-normal/x86_64/CheckFunctionExists.o

Ld Debug/cmTC_867c8 normal x86_64
    cd /Users/tom/Downloads/CLionProjects/build/CMakeFiles/CMakeTmp
    export MACOSX_DEPLOYMENT_TARGET=10.13
    /Applications/Xcode.app/Contents/Developer/Toolchains/XcodeDefault.xctoolchain/usr/bin/clang -arch x86_64 -isysroot /Applications/Xcode.app/Contents/Developer/Platforms/MacOSX.platform/Developer/SDKs/MacOSX10.13.sdk -L/Users/tom/Downloads/CLionProjects/build/CMakeFiles/CMakeTmp/Debug -F/Users/tom/Downloads/CLionProjects/build/CMakeFiles/CMakeTmp/Debug -filelist /Users/tom/Downloads/CLionProjects/build/CMakeFiles/CMakeTmp/CMAKE_TRY_COMPILE.build/Debug/cmTC_867c8.build/Objects-normal/x86_64/cmTC_867c8.LinkFileList -mmacosx-version-min=10.13 -Xlinker -object_path_lto -Xlinker /Users/tom/Downloads/CLionProjects/build/CMakeFiles/CMakeTmp/CMAKE_TRY_COMPILE.build/Debug/cmTC_867c8.build/Objects-normal/x86_64/cmTC_867c8_lto.o -Xlinker -no_deduplicate -Wl,-search_paths_first -Wl,-headerpad_max_install_names -Xlinker -dependency_info -Xlinker /Users/tom/Downloads/CLionProjects/build/CMakeFiles/CMakeTmp/CMAKE_TRY_COMPILE.build/Debug/cmTC_867c8.build/Objects-normal/x86_64/cmTC_867c8_dependency_info.dat -o /Users/tom/Downloads/CLionProjects/build/CMakeFiles/CMakeTmp/Debug/cmTC_867c8
Undefined symbols for architecture x86_64:
  "__stricmp", referenced from:
      _main in CheckFunctionExists.o
ld: symbol(s) not found for architecture x86_64
clang: error: linker command failed with exit code 1 (use -v to see invocation)

** BUILD FAILED **


The following build commands failed:
	Ld Debug/cmTC_867c8 normal x86_64
(1 failure)


Determining if the function _strnicmp exists failed with the following output:
Change Dir: /Users/tom/Downloads/CLionProjects/build/CMakeFiles/CMakeTmp

Run Build Command:"/usr/bin/xcodebuild" "-project" "CMAKE_TRY_COMPILE.xcodeproj" "build" "-target" "cmTC_bde9f" "-configuration" "Debug"
=== BUILD TARGET cmTC_bde9f OF PROJECT CMAKE_TRY_COMPILE WITH CONFIGURATION Debug ===

Check dependencies

Write auxiliary files
/bin/mkdir -p /Users/tom/Downloads/CLionProjects/build/CMakeFiles/CMakeTmp/CMAKE_TRY_COMPILE.build/Debug/cmTC_bde9f.build/Objects-normal/x86_64
write-file /Users/tom/Downloads/CLionProjects/build/CMakeFiles/CMakeTmp/CMAKE_TRY_COMPILE.build/Debug/cmTC_bde9f.build/Objects-normal/x86_64/cmTC_bde9f.LinkFileList

CompileC CMAKE_TRY_COMPILE.build/Debug/cmTC_bde9f.build/Objects-normal/x86_64/CheckFunctionExists.o /usr/local/Cellar/cmake/3.10.2/share/cmake/Modules/CheckFunctionExists.c normal x86_64 c com.apple.compilers.llvm.clang.1_0.compiler
    cd /Users/tom/Downloads/CLionProjects/build/CMakeFiles/CMakeTmp
    export LANG=en_US.US-ASCII
    /Applications/Xcode.app/Contents/Developer/Toolchains/XcodeDefault.xctoolchain/usr/bin/clang -x c -arch x86_64 -fmessage-length=0 -fdiagnostics-show-note-include-stack -fmacro-backtrace-limit=0 -Wno-trigraphs -fpascal-strings -O0 -Wno-missing-field-initializers -Wno-missing-prototypes -Wno-return-type -Wno-missing-braces -Wparentheses -Wswitch -Wno-unused-function -Wno-unused-label -Wno-unused-parameter -Wno-unused-variable -Wunused-value -Wno-empty-body -Wno-uninitialized -Wno-unknown-pragmas -Wno-shadow -Wno-four-char-constants -Wno-conversion -Wno-constant-conversion -Wno-int-conversion -Wno-bool-conversion -Wno-enum-conversion -Wno-float-conversion -Wno-non-literal-null-conversion -Wno-objc-literal-conversion -Wno-shorten-64-to-32 -Wpointer-sign -Wno-newline-eof -DCMAKE_INTDIR=\"Debug\" -isysroot /Applications/Xcode.app/Contents/Developer/Platforms/MacOSX.platform/Developer/SDKs/MacOSX10.13.sdk -fasm-blocks -fstrict-aliasing -Wdeprecated-declarations -mmacosx-version-min=10.13 -g -Wno-sign-conversion -Wno-infinite-recursion -Wno-comma -Wno-block-capture-autoreleasing -Wno-strict-prototypes -I/Users/tom/Downloads/CLionProjects/build/CMakeFiles/CMakeTmp/Debug/include -I/Users/tom/Downloads/CLionProjects/build/CMakeFiles/CMakeTmp/CMAKE_TRY_COMPILE.build/Debug/cmTC_bde9f.build/DerivedSources/x86_64 -I/Users/tom/Downloads/CLionProjects/build/CMakeFiles/CMakeTmp/CMAKE_TRY_COMPILE.build/Debug/cmTC_bde9f.build/DerivedSources -Wmost -Wno-four-char-constants -Wno-unknown-pragmas -F/Users/tom/Downloads/CLionProjects/build/CMakeFiles/CMakeTmp/Debug -idirafter /Users/tom/Downloads/CLionProjects/libs/SDL2-2.0.7/src/video/khronos -DCHECK_FUNCTION_EXISTS=_strnicmp -MMD -MT dependencies -MF /Users/tom/Downloads/CLionProjects/build/CMakeFiles/CMakeTmp/CMAKE_TRY_COMPILE.build/Debug/cmTC_bde9f.build/Objects-normal/x86_64/CheckFunctionExists.d --serialize-diagnostics /Users/tom/Downloads/CLionProjects/build/CMakeFiles/CMakeTmp/CMAKE_TRY_COMPILE.build/Debug/cmTC_bde9f.build/Objects-normal/x86_64/CheckFunctionExists.dia -c /usr/local/Cellar/cmake/3.10.2/share/cmake/Modules/CheckFunctionExists.c -o /Users/tom/Downloads/CLionProjects/build/CMakeFiles/CMakeTmp/CMAKE_TRY_COMPILE.build/Debug/cmTC_bde9f.build/Objects-normal/x86_64/CheckFunctionExists.o

Ld Debug/cmTC_bde9f normal x86_64
    cd /Users/tom/Downloads/CLionProjects/build/CMakeFiles/CMakeTmp
    export MACOSX_DEPLOYMENT_TARGET=10.13
    /Applications/Xcode.app/Contents/Developer/Toolchains/XcodeDefault.xctoolchain/usr/bin/clang -arch x86_64 -isysroot /Applications/Xcode.app/Contents/Developer/Platforms/MacOSX.platform/Developer/SDKs/MacOSX10.13.sdk -L/Users/tom/Downloads/CLionProjects/build/CMakeFiles/CMakeTmp/Debug -F/Users/tom/Downloads/CLionProjects/build/CMakeFiles/CMakeTmp/Debug -filelist /Users/tom/Downloads/CLionProjects/build/CMakeFiles/CMakeTmp/CMAKE_TRY_COMPILE.build/Debug/cmTC_bde9f.build/Objects-normal/x86_64/cmTC_bde9f.LinkFileList -mmacosx-version-min=10.13 -Xlinker -object_path_lto -Xlinker /Users/tom/Downloads/CLionProjects/build/CMakeFiles/CMakeTmp/CMAKE_TRY_COMPILE.build/Debug/cmTC_bde9f.build/Objects-normal/x86_64/cmTC_bde9f_lto.o -Xlinker -no_deduplicate -Wl,-search_paths_first -Wl,-headerpad_max_install_names -Xlinker -dependency_info -Xlinker /Users/tom/Downloads/CLionProjects/build/CMakeFiles/CMakeTmp/CMAKE_TRY_COMPILE.build/Debug/cmTC_bde9f.build/Objects-normal/x86_64/cmTC_bde9f_dependency_info.dat -o /Users/tom/Downloads/CLionProjects/build/CMakeFiles/CMakeTmp/Debug/cmTC_bde9f
Undefined symbols for architecture x86_64:
  "__strnicmp", referenced from:
      _main in CheckFunctionExists.o
ld: symbol(s) not found for architecture x86_64
clang: error: linker command failed with exit code 1 (use -v to see invocation)

** BUILD FAILED **


The following build commands failed:
	Ld Debug/cmTC_bde9f normal x86_64
(1 failure)


Determining if the function fopen64 exists failed with the following output:
Change Dir: /Users/tom/Downloads/CLionProjects/build/CMakeFiles/CMakeTmp

Run Build Command:"/usr/bin/xcodebuild" "-project" "CMAKE_TRY_COMPILE.xcodeproj" "build" "-target" "cmTC_9f457" "-configuration" "Debug"
=== BUILD TARGET cmTC_9f457 OF PROJECT CMAKE_TRY_COMPILE WITH CONFIGURATION Debug ===

Check dependencies

Write auxiliary files
/bin/mkdir -p /Users/tom/Downloads/CLionProjects/build/CMakeFiles/CMakeTmp/CMAKE_TRY_COMPILE.build/Debug/cmTC_9f457.build/Objects-normal/x86_64
write-file /Users/tom/Downloads/CLionProjects/build/CMakeFiles/CMakeTmp/CMAKE_TRY_COMPILE.build/Debug/cmTC_9f457.build/Objects-normal/x86_64/cmTC_9f457.LinkFileList

CompileC CMAKE_TRY_COMPILE.build/Debug/cmTC_9f457.build/Objects-normal/x86_64/CheckFunctionExists.o /usr/local/Cellar/cmake/3.10.2/share/cmake/Modules/CheckFunctionExists.c normal x86_64 c com.apple.compilers.llvm.clang.1_0.compiler
    cd /Users/tom/Downloads/CLionProjects/build/CMakeFiles/CMakeTmp
    export LANG=en_US.US-ASCII
    /Applications/Xcode.app/Contents/Developer/Toolchains/XcodeDefault.xctoolchain/usr/bin/clang -x c -arch x86_64 -fmessage-length=0 -fdiagnostics-show-note-include-stack -fmacro-backtrace-limit=0 -Wno-trigraphs -fpascal-strings -O0 -Wno-missing-field-initializers -Wno-missing-prototypes -Wno-return-type -Wno-missing-braces -Wparentheses -Wswitch -Wno-unused-function -Wno-unused-label -Wno-unused-parameter -Wno-unused-variable -Wunused-value -Wno-empty-body -Wno-uninitialized -Wno-unknown-pragmas -Wno-shadow -Wno-four-char-constants -Wno-conversion -Wno-constant-conversion -Wno-int-conversion -Wno-bool-conversion -Wno-enum-conversion -Wno-float-conversion -Wno-non-literal-null-conversion -Wno-objc-literal-conversion -Wno-shorten-64-to-32 -Wpointer-sign -Wno-newline-eof -DCMAKE_INTDIR=\"Debug\" -isysroot /Applications/Xcode.app/Contents/Developer/Platforms/MacOSX.platform/Developer/SDKs/MacOSX10.13.sdk -fasm-blocks -fstrict-aliasing -Wdeprecated-declarations -mmacosx-version-min=10.13 -g -Wno-sign-conversion -Wno-infinite-recursion -Wno-comma -Wno-block-capture-autoreleasing -Wno-strict-prototypes -I/Users/tom/Downloads/CLionProjects/build/CMakeFiles/CMakeTmp/Debug/include -I/Users/tom/Downloads/CLionProjects/build/CMakeFiles/CMakeTmp/CMAKE_TRY_COMPILE.build/Debug/cmTC_9f457.build/DerivedSources/x86_64 -I/Users/tom/Downloads/CLionProjects/build/CMakeFiles/CMakeTmp/CMAKE_TRY_COMPILE.build/Debug/cmTC_9f457.build/DerivedSources -Wmost -Wno-four-char-constants -Wno-unknown-pragmas -F/Users/tom/Downloads/CLionProjects/build/CMakeFiles/CMakeTmp/Debug -idirafter /Users/tom/Downloads/CLionProjects/libs/SDL2-2.0.7/src/video/khronos -DCHECK_FUNCTION_EXISTS=fopen64 -MMD -MT dependencies -MF /Users/tom/Downloads/CLionProjects/build/CMakeFiles/CMakeTmp/CMAKE_TRY_COMPILE.build/Debug/cmTC_9f457.build/Objects-normal/x86_64/CheckFunctionExists.d --serialize-diagnostics /Users/tom/Downloads/CLionProjects/build/CMakeFiles/CMakeTmp/CMAKE_TRY_COMPILE.build/Debug/cmTC_9f457.build/Objects-normal/x86_64/CheckFunctionExists.dia -c /usr/local/Cellar/cmake/3.10.2/share/cmake/Modules/CheckFunctionExists.c -o /Users/tom/Downloads/CLionProjects/build/CMakeFiles/CMakeTmp/CMAKE_TRY_COMPILE.build/Debug/cmTC_9f457.build/Objects-normal/x86_64/CheckFunctionExists.o

Ld Debug/cmTC_9f457 normal x86_64
    cd /Users/tom/Downloads/CLionProjects/build/CMakeFiles/CMakeTmp
    export MACOSX_DEPLOYMENT_TARGET=10.13
    /Applications/Xcode.app/Contents/Developer/Toolchains/XcodeDefault.xctoolchain/usr/bin/clang -arch x86_64 -isysroot /Applications/Xcode.app/Contents/Developer/Platforms/MacOSX.platform/Developer/SDKs/MacOSX10.13.sdk -L/Users/tom/Downloads/CLionProjects/build/CMakeFiles/CMakeTmp/Debug -F/Users/tom/Downloads/CLionProjects/build/CMakeFiles/CMakeTmp/Debug -filelist /Users/tom/Downloads/CLionProjects/build/CMakeFiles/CMakeTmp/CMAKE_TRY_COMPILE.build/Debug/cmTC_9f457.build/Objects-normal/x86_64/cmTC_9f457.LinkFileList -mmacosx-version-min=10.13 -Xlinker -object_path_lto -Xlinker /Users/tom/Downloads/CLionProjects/build/CMakeFiles/CMakeTmp/CMAKE_TRY_COMPILE.build/Debug/cmTC_9f457.build/Objects-normal/x86_64/cmTC_9f457_lto.o -Xlinker -no_deduplicate -Wl,-search_paths_first -Wl,-headerpad_max_install_names -Xlinker -dependency_info -Xlinker /Users/tom/Downloads/CLionProjects/build/CMakeFiles/CMakeTmp/CMAKE_TRY_COMPILE.build/Debug/cmTC_9f457.build/Objects-normal/x86_64/cmTC_9f457_dependency_info.dat -o /Users/tom/Downloads/CLionProjects/build/CMakeFiles/CMakeTmp/Debug/cmTC_9f457
Undefined symbols for architecture x86_64:
  "_fopen64", referenced from:
      _main in CheckFunctionExists.o
ld: symbol(s) not found for architecture x86_64
clang: error: linker command failed with exit code 1 (use -v to see invocation)

** BUILD FAILED **


The following build commands failed:
	Ld Debug/cmTC_9f457 normal x86_64
(1 failure)


Determining if the function fseeko64 exists failed with the following output:
Change Dir: /Users/tom/Downloads/CLionProjects/build/CMakeFiles/CMakeTmp

Run Build Command:"/usr/bin/xcodebuild" "-project" "CMAKE_TRY_COMPILE.xcodeproj" "build" "-target" "cmTC_4943e" "-configuration" "Debug"
=== BUILD TARGET cmTC_4943e OF PROJECT CMAKE_TRY_COMPILE WITH CONFIGURATION Debug ===

Check dependencies

Write auxiliary files
/bin/mkdir -p /Users/tom/Downloads/CLionProjects/build/CMakeFiles/CMakeTmp/CMAKE_TRY_COMPILE.build/Debug/cmTC_4943e.build/Objects-normal/x86_64
write-file /Users/tom/Downloads/CLionProjects/build/CMakeFiles/CMakeTmp/CMAKE_TRY_COMPILE.build/Debug/cmTC_4943e.build/Objects-normal/x86_64/cmTC_4943e.LinkFileList

CompileC CMAKE_TRY_COMPILE.build/Debug/cmTC_4943e.build/Objects-normal/x86_64/CheckFunctionExists.o /usr/local/Cellar/cmake/3.10.2/share/cmake/Modules/CheckFunctionExists.c normal x86_64 c com.apple.compilers.llvm.clang.1_0.compiler
    cd /Users/tom/Downloads/CLionProjects/build/CMakeFiles/CMakeTmp
    export LANG=en_US.US-ASCII
    /Applications/Xcode.app/Contents/Developer/Toolchains/XcodeDefault.xctoolchain/usr/bin/clang -x c -arch x86_64 -fmessage-length=0 -fdiagnostics-show-note-include-stack -fmacro-backtrace-limit=0 -Wno-trigraphs -fpascal-strings -O0 -Wno-missing-field-initializers -Wno-missing-prototypes -Wno-return-type -Wno-missing-braces -Wparentheses -Wswitch -Wno-unused-function -Wno-unused-label -Wno-unused-parameter -Wno-unused-variable -Wunused-value -Wno-empty-body -Wno-uninitialized -Wno-unknown-pragmas -Wno-shadow -Wno-four-char-constants -Wno-conversion -Wno-constant-conversion -Wno-int-conversion -Wno-bool-conversion -Wno-enum-conversion -Wno-float-conversion -Wno-non-literal-null-conversion -Wno-objc-literal-conversion -Wno-shorten-64-to-32 -Wpointer-sign -Wno-newline-eof -DCMAKE_INTDIR=\"Debug\" -isysroot /Applications/Xcode.app/Contents/Developer/Platforms/MacOSX.platform/Developer/SDKs/MacOSX10.13.sdk -fasm-blocks -fstrict-aliasing -Wdeprecated-declarations -mmacosx-version-min=10.13 -g -Wno-sign-conversion -Wno-infinite-recursion -Wno-comma -Wno-block-capture-autoreleasing -Wno-strict-prototypes -I/Users/tom/Downloads/CLionProjects/build/CMakeFiles/CMakeTmp/Debug/include -I/Users/tom/Downloads/CLionProjects/build/CMakeFiles/CMakeTmp/CMAKE_TRY_COMPILE.build/Debug/cmTC_4943e.build/DerivedSources/x86_64 -I/Users/tom/Downloads/CLionProjects/build/CMakeFiles/CMakeTmp/CMAKE_TRY_COMPILE.build/Debug/cmTC_4943e.build/DerivedSources -Wmost -Wno-four-char-constants -Wno-unknown-pragmas -F/Users/tom/Downloads/CLionProjects/build/CMakeFiles/CMakeTmp/Debug -idirafter /Users/tom/Downloads/CLionProjects/libs/SDL2-2.0.7/src/video/khronos -DCHECK_FUNCTION_EXISTS=fseeko64 -MMD -MT dependencies -MF /Users/tom/Downloads/CLionProjects/build/CMakeFiles/CMakeTmp/CMAKE_TRY_COMPILE.build/Debug/cmTC_4943e.build/Objects-normal/x86_64/CheckFunctionExists.d --serialize-diagnostics /Users/tom/Downloads/CLionProjects/build/CMakeFiles/CMakeTmp/CMAKE_TRY_COMPILE.build/Debug/cmTC_4943e.build/Objects-normal/x86_64/CheckFunctionExists.dia -c /usr/local/Cellar/cmake/3.10.2/share/cmake/Modules/CheckFunctionExists.c -o /Users/tom/Downloads/CLionProjects/build/CMakeFiles/CMakeTmp/CMAKE_TRY_COMPILE.build/Debug/cmTC_4943e.build/Objects-normal/x86_64/CheckFunctionExists.o

Ld Debug/cmTC_4943e normal x86_64
    cd /Users/tom/Downloads/CLionProjects/build/CMakeFiles/CMakeTmp
    export MACOSX_DEPLOYMENT_TARGET=10.13
    /Applications/Xcode.app/Contents/Developer/Toolchains/XcodeDefault.xctoolchain/usr/bin/clang -arch x86_64 -isysroot /Applications/Xcode.app/Contents/Developer/Platforms/MacOSX.platform/Developer/SDKs/MacOSX10.13.sdk -L/Users/tom/Downloads/CLionProjects/build/CMakeFiles/CMakeTmp/Debug -F/Users/tom/Downloads/CLionProjects/build/CMakeFiles/CMakeTmp/Debug -filelist /Users/tom/Downloads/CLionProjects/build/CMakeFiles/CMakeTmp/CMAKE_TRY_COMPILE.build/Debug/cmTC_4943e.build/Objects-normal/x86_64/cmTC_4943e.LinkFileList -mmacosx-version-min=10.13 -Xlinker -object_path_lto -Xlinker /Users/tom/Downloads/CLionProjects/build/CMakeFiles/CMakeTmp/CMAKE_TRY_COMPILE.build/Debug/cmTC_4943e.build/Objects-normal/x86_64/cmTC_4943e_lto.o -Xlinker -no_deduplicate -Wl,-search_paths_first -Wl,-headerpad_max_install_names -Xlinker -dependency_info -Xlinker /Users/tom/Downloads/CLionProjects/build/CMakeFiles/CMakeTmp/CMAKE_TRY_COMPILE.build/Debug/cmTC_4943e.build/Objects-normal/x86_64/cmTC_4943e_dependency_info.dat -o /Users/tom/Downloads/CLionProjects/build/CMakeFiles/CMakeTmp/Debug/cmTC_4943e
Undefined symbols for architecture x86_64:
  "_fseeko64", referenced from:
      _main in CheckFunctionExists.o
ld: symbol(s) not found for architecture x86_64
clang: error: linker command failed with exit code 1 (use -v to see invocation)

** BUILD FAILED **


The following build commands failed:
	Ld Debug/cmTC_4943e normal x86_64
(1 failure)


Determining if the function getauxval exists failed with the following output:
Change Dir: /Users/tom/Downloads/CLionProjects/build/CMakeFiles/CMakeTmp

Run Build Command:"/usr/bin/xcodebuild" "-project" "CMAKE_TRY_COMPILE.xcodeproj" "build" "-target" "cmTC_69b18" "-configuration" "Debug"
=== BUILD TARGET cmTC_69b18 OF PROJECT CMAKE_TRY_COMPILE WITH CONFIGURATION Debug ===

Check dependencies

Write auxiliary files
/bin/mkdir -p /Users/tom/Downloads/CLionProjects/build/CMakeFiles/CMakeTmp/CMAKE_TRY_COMPILE.build/Debug/cmTC_69b18.build/Objects-normal/x86_64
write-file /Users/tom/Downloads/CLionProjects/build/CMakeFiles/CMakeTmp/CMAKE_TRY_COMPILE.build/Debug/cmTC_69b18.build/Objects-normal/x86_64/cmTC_69b18.LinkFileList

CompileC CMAKE_TRY_COMPILE.build/Debug/cmTC_69b18.build/Objects-normal/x86_64/CheckFunctionExists.o /usr/local/Cellar/cmake/3.10.2/share/cmake/Modules/CheckFunctionExists.c normal x86_64 c com.apple.compilers.llvm.clang.1_0.compiler
    cd /Users/tom/Downloads/CLionProjects/build/CMakeFiles/CMakeTmp
    export LANG=en_US.US-ASCII
    /Applications/Xcode.app/Contents/Developer/Toolchains/XcodeDefault.xctoolchain/usr/bin/clang -x c -arch x86_64 -fmessage-length=0 -fdiagnostics-show-note-include-stack -fmacro-backtrace-limit=0 -Wno-trigraphs -fpascal-strings -O0 -Wno-missing-field-initializers -Wno-missing-prototypes -Wno-return-type -Wno-missing-braces -Wparentheses -Wswitch -Wno-unused-function -Wno-unused-label -Wno-unused-parameter -Wno-unused-variable -Wunused-value -Wno-empty-body -Wno-uninitialized -Wno-unknown-pragmas -Wno-shadow -Wno-four-char-constants -Wno-conversion -Wno-constant-conversion -Wno-int-conversion -Wno-bool-conversion -Wno-enum-conversion -Wno-float-conversion -Wno-non-literal-null-conversion -Wno-objc-literal-conversion -Wno-shorten-64-to-32 -Wpointer-sign -Wno-newline-eof -DCMAKE_INTDIR=\"Debug\" -isysroot /Applications/Xcode.app/Contents/Developer/Platforms/MacOSX.platform/Developer/SDKs/MacOSX10.13.sdk -fasm-blocks -fstrict-aliasing -Wdeprecated-declarations -mmacosx-version-min=10.13 -g -Wno-sign-conversion -Wno-infinite-recursion -Wno-comma -Wno-block-capture-autoreleasing -Wno-strict-prototypes -I/Users/tom/Downloads/CLionProjects/build/CMakeFiles/CMakeTmp/Debug/include -I/Users/tom/Downloads/CLionProjects/build/CMakeFiles/CMakeTmp/CMAKE_TRY_COMPILE.build/Debug/cmTC_69b18.build/DerivedSources/x86_64 -I/Users/tom/Downloads/CLionProjects/build/CMakeFiles/CMakeTmp/CMAKE_TRY_COMPILE.build/Debug/cmTC_69b18.build/DerivedSources -Wmost -Wno-four-char-constants -Wno-unknown-pragmas -F/Users/tom/Downloads/CLionProjects/build/CMakeFiles/CMakeTmp/Debug -idirafter /Users/tom/Downloads/CLionProjects/libs/SDL2-2.0.7/src/video/khronos -DCHECK_FUNCTION_EXISTS=getauxval -MMD -MT dependencies -MF /Users/tom/Downloads/CLionProjects/build/CMakeFiles/CMakeTmp/CMAKE_TRY_COMPILE.build/Debug/cmTC_69b18.build/Objects-normal/x86_64/CheckFunctionExists.d --serialize-diagnostics /Users/tom/Downloads/CLionProjects/build/CMakeFiles/CMakeTmp/CMAKE_TRY_COMPILE.build/Debug/cmTC_69b18.build/Objects-normal/x86_64/CheckFunctionExists.dia -c /usr/local/Cellar/cmake/3.10.2/share/cmake/Modules/CheckFunctionExists.c -o /Users/tom/Downloads/CLionProjects/build/CMakeFiles/CMakeTmp/CMAKE_TRY_COMPILE.build/Debug/cmTC_69b18.build/Objects-normal/x86_64/CheckFunctionExists.o

Ld Debug/cmTC_69b18 normal x86_64
    cd /Users/tom/Downloads/CLionProjects/build/CMakeFiles/CMakeTmp
    export MACOSX_DEPLOYMENT_TARGET=10.13
    /Applications/Xcode.app/Contents/Developer/Toolchains/XcodeDefault.xctoolchain/usr/bin/clang -arch x86_64 -isysroot /Applications/Xcode.app/Contents/Developer/Platforms/MacOSX.platform/Developer/SDKs/MacOSX10.13.sdk -L/Users/tom/Downloads/CLionProjects/build/CMakeFiles/CMakeTmp/Debug -F/Users/tom/Downloads/CLionProjects/build/CMakeFiles/CMakeTmp/Debug -filelist /Users/tom/Downloads/CLionProjects/build/CMakeFiles/CMakeTmp/CMAKE_TRY_COMPILE.build/Debug/cmTC_69b18.build/Objects-normal/x86_64/cmTC_69b18.LinkFileList -mmacosx-version-min=10.13 -Xlinker -object_path_lto -Xlinker /Users/tom/Downloads/CLionProjects/build/CMakeFiles/CMakeTmp/CMAKE_TRY_COMPILE.build/Debug/cmTC_69b18.build/Objects-normal/x86_64/cmTC_69b18_lto.o -Xlinker -no_deduplicate -Wl,-search_paths_first -Wl,-headerpad_max_install_names -Xlinker -dependency_info -Xlinker /Users/tom/Downloads/CLionProjects/build/CMakeFiles/CMakeTmp/CMAKE_TRY_COMPILE.build/Debug/cmTC_69b18.build/Objects-normal/x86_64/cmTC_69b18_dependency_info.dat -o /Users/tom/Downloads/CLionProjects/build/CMakeFiles/CMakeTmp/Debug/cmTC_69b18
Undefined symbols for architecture x86_64:
  "_getauxval", referenced from:
      _main in CheckFunctionExists.o
ld: symbol(s) not found for architecture x86_64
clang: error: linker command failed with exit code 1 (use -v to see invocation)

** BUILD FAILED **


The following build commands failed:
	Ld Debug/cmTC_69b18 normal x86_64
(1 failure)


Performing C SOURCE FILE Test HAVE_SEM_TIMEDWAIT failed with the following output:
Change Dir: /Users/tom/Downloads/CLionProjects/build/CMakeFiles/CMakeTmp

Run Build Command:"/usr/bin/xcodebuild" "-project" "CMAKE_TRY_COMPILE.xcodeproj" "build" "-target" "cmTC_eb4d4" "-configuration" "Debug"
=== BUILD TARGET cmTC_eb4d4 OF PROJECT CMAKE_TRY_COMPILE WITH CONFIGURATION Debug ===

Check dependencies

Write auxiliary files
/bin/mkdir -p /Users/tom/Downloads/CLionProjects/build/CMakeFiles/CMakeTmp/CMAKE_TRY_COMPILE.build/Debug/cmTC_eb4d4.build/Objects-normal/x86_64
write-file /Users/tom/Downloads/CLionProjects/build/CMakeFiles/CMakeTmp/CMAKE_TRY_COMPILE.build/Debug/cmTC_eb4d4.build/Objects-normal/x86_64/cmTC_eb4d4.LinkFileList

CompileC CMAKE_TRY_COMPILE.build/Debug/cmTC_eb4d4.build/Objects-normal/x86_64/src.o src.c normal x86_64 c com.apple.compilers.llvm.clang.1_0.compiler
    cd /Users/tom/Downloads/CLionProjects/build/CMakeFiles/CMakeTmp
    export LANG=en_US.US-ASCII
    /Applications/Xcode.app/Contents/Developer/Toolchains/XcodeDefault.xctoolchain/usr/bin/clang -x c -arch x86_64 -fmessage-length=0 -fdiagnostics-show-note-include-stack -fmacro-backtrace-limit=0 -Wno-trigraphs -fpascal-strings -O0 -Wno-missing-field-initializers -Wno-missing-prototypes -Wno-return-type -Wno-missing-braces -Wparentheses -Wswitch -Wno-unused-function -Wno-unused-label -Wno-unused-parameter -Wno-unused-variable -Wunused-value -Wno-empty-body -Wno-uninitialized -Wno-unknown-pragmas -Wno-shadow -Wno-four-char-constants -Wno-conversion -Wno-constant-conversion -Wno-int-conversion -Wno-bool-conversion -Wno-enum-conversion -Wno-float-conversion -Wno-non-literal-null-conversion -Wno-objc-literal-conversion -Wno-shorten-64-to-32 -Wpointer-sign -Wno-newline-eof -DCMAKE_INTDIR=\"Debug\" -isysroot /Applications/Xcode.app/Contents/Developer/Platforms/MacOSX.platform/Developer/SDKs/MacOSX10.13.sdk -fasm-blocks -fstrict-aliasing -Wdeprecated-declarations -mmacosx-version-min=10.13 -g -Wno-sign-conversion -Wno-infinite-recursion -Wno-comma -Wno-block-capture-autoreleasing -Wno-strict-prototypes -I/Users/tom/Downloads/CLionProjects/build/CMakeFiles/CMakeTmp/Debug/include -I/Users/tom/Downloads/CLionProjects/build/CMakeFiles/CMakeTmp/CMAKE_TRY_COMPILE.build/Debug/cmTC_eb4d4.build/DerivedSources/x86_64 -I/Users/tom/Downloads/CLionProjects/build/CMakeFiles/CMakeTmp/CMAKE_TRY_COMPILE.build/Debug/cmTC_eb4d4.build/DerivedSources -Wmost -Wno-four-char-constants -Wno-unknown-pragmas -F/Users/tom/Downloads/CLionProjects/build/CMakeFiles/CMakeTmp/Debug -idirafter /Users/tom/Downloads/CLionProjects/libs/SDL2-2.0.7/src/video/khronos -DHAVE_SEM_TIMEDWAIT -D_THREAD_SAFE -MMD -MT dependencies -MF /Users/tom/Downloads/CLionProjects/build/CMakeFiles/CMakeTmp/CMAKE_TRY_COMPILE.build/Debug/cmTC_eb4d4.build/Objects-normal/x86_64/src.d --serialize-diagnostics /Users/tom/Downloads/CLionProjects/build/CMakeFiles/CMakeTmp/CMAKE_TRY_COMPILE.build/Debug/cmTC_eb4d4.build/Objects-normal/x86_64/src.dia -c /Users/tom/Downloads/CLionProjects/build/CMakeFiles/CMakeTmp/src.c -o /Users/tom/Downloads/CLionProjects/build/CMakeFiles/CMakeTmp/CMAKE_TRY_COMPILE.build/Debug/cmTC_eb4d4.build/Objects-normal/x86_64/src.o
/Users/tom/Downloads/CLionProjects/build/CMakeFiles/CMakeTmp/src.c:5:19: warning: implicit declaration of function 'sem_timedwait' is invalid in C99 [-Wimplicit-function-declaration]
                  sem_timedwait(NULL, NULL);
                  ^
1 warning generated.

Ld Debug/cmTC_eb4d4 normal x86_64
    cd /Users/tom/Downloads/CLionProjects/build/CMakeFiles/CMakeTmp
    export MACOSX_DEPLOYMENT_TARGET=10.13
    /Applications/Xcode.app/Contents/Developer/Toolchains/XcodeDefault.xctoolchain/usr/bin/clang -arch x86_64 -isysroot /Applications/Xcode.app/Contents/Developer/Platforms/MacOSX.platform/Developer/SDKs/MacOSX10.13.sdk -L/Users/tom/Downloads/CLionProjects/build/CMakeFiles/CMakeTmp/Debug -F/Users/tom/Downloads/CLionProjects/build/CMakeFiles/CMakeTmp/Debug -filelist /Users/tom/Downloads/CLionProjects/build/CMakeFiles/CMakeTmp/CMAKE_TRY_COMPILE.build/Debug/cmTC_eb4d4.build/Objects-normal/x86_64/cmTC_eb4d4.LinkFileList -mmacosx-version-min=10.13 -Xlinker -object_path_lto -Xlinker /Users/tom/Downloads/CLionProjects/build/CMakeFiles/CMakeTmp/CMAKE_TRY_COMPILE.build/Debug/cmTC_eb4d4.build/Objects-normal/x86_64/cmTC_eb4d4_lto.o -Xlinker -no_deduplicate -Wl,-search_paths_first -Wl,-headerpad_max_install_names -Xlinker -dependency_info -Xlinker /Users/tom/Downloads/CLionProjects/build/CMakeFiles/CMakeTmp/CMAKE_TRY_COMPILE.build/Debug/cmTC_eb4d4.build/Objects-normal/x86_64/cmTC_eb4d4_dependency_info.dat -o /Users/tom/Downloads/CLionProjects/build/CMakeFiles/CMakeTmp/Debug/cmTC_eb4d4
Undefined symbols for architecture x86_64:
  "_sem_timedwait", referenced from:
      _main in src.o
ld: symbol(s) not found for architecture x86_64
clang: error: linker command failed with exit code 1 (use -v to see invocation)

** BUILD FAILED **


The following build commands failed:
	Ld Debug/cmTC_eb4d4 normal x86_64
(1 failure)

Source file was:

              #include <pthread.h>
              #include <semaphore.h>
              int main(int argc, char **argv) {
                  sem_timedwait(NULL, NULL);
                  return 0;
              }
Performing C SOURCE FILE Test HAVE_PTHREAD_NP_H failed with the following output:
Change Dir: /Users/tom/Downloads/CLionProjects/build/CMakeFiles/CMakeTmp

Run Build Command:"/usr/bin/xcodebuild" "-project" "CMAKE_TRY_COMPILE.xcodeproj" "build" "-target" "cmTC_174c8" "-configuration" "Debug"
=== BUILD TARGET cmTC_174c8 OF PROJECT CMAKE_TRY_COMPILE WITH CONFIGURATION Debug ===

Check dependencies

Write auxiliary files
/bin/mkdir -p /Users/tom/Downloads/CLionProjects/build/CMakeFiles/CMakeTmp/CMAKE_TRY_COMPILE.build/Debug/cmTC_174c8.build/Objects-normal/x86_64
write-file /Users/tom/Downloads/CLionProjects/build/CMakeFiles/CMakeTmp/CMAKE_TRY_COMPILE.build/Debug/cmTC_174c8.build/Objects-normal/x86_64/cmTC_174c8.LinkFileList

CompileC CMAKE_TRY_COMPILE.build/Debug/cmTC_174c8.build/Objects-normal/x86_64/src.o src.c normal x86_64 c com.apple.compilers.llvm.clang.1_0.compiler
    cd /Users/tom/Downloads/CLionProjects/build/CMakeFiles/CMakeTmp
    export LANG=en_US.US-ASCII
    /Applications/Xcode.app/Contents/Developer/Toolchains/XcodeDefault.xctoolchain/usr/bin/clang -x c -arch x86_64 -fmessage-length=0 -fdiagnostics-show-note-include-stack -fmacro-backtrace-limit=0 -Wno-trigraphs -fpascal-strings -O0 -Wno-missing-field-initializers -Wno-missing-prototypes -Wno-return-type -Wno-missing-braces -Wparentheses -Wswitch -Wno-unused-function -Wno-unused-label -Wno-unused-parameter -Wno-unused-variable -Wunused-value -Wno-empty-body -Wno-uninitialized -Wno-unknown-pragmas -Wno-shadow -Wno-four-char-constants -Wno-conversion -Wno-constant-conversion -Wno-int-conversion -Wno-bool-conversion -Wno-enum-conversion -Wno-float-conversion -Wno-non-literal-null-conversion -Wno-objc-literal-conversion -Wno-shorten-64-to-32 -Wpointer-sign -Wno-newline-eof -DCMAKE_INTDIR=\"Debug\" -isysroot /Applications/Xcode.app/Contents/Developer/Platforms/MacOSX.platform/Developer/SDKs/MacOSX10.13.sdk -fasm-blocks -fstrict-aliasing -Wdeprecated-declarations -mmacosx-version-min=10.13 -g -Wno-sign-conversion -Wno-infinite-recursion -Wno-comma -Wno-block-capture-autoreleasing -Wno-strict-prototypes -I/Users/tom/Downloads/CLionProjects/build/CMakeFiles/CMakeTmp/Debug/include -I/Users/tom/Downloads/CLionProjects/build/CMakeFiles/CMakeTmp/CMAKE_TRY_COMPILE.build/Debug/cmTC_174c8.build/DerivedSources/x86_64 -I/Users/tom/Downloads/CLionProjects/build/CMakeFiles/CMakeTmp/CMAKE_TRY_COMPILE.build/Debug/cmTC_174c8.build/DerivedSources -Wmost -Wno-four-char-constants -Wno-unknown-pragmas -F/Users/tom/Downloads/CLionProjects/build/CMakeFiles/CMakeTmp/Debug -idirafter /Users/tom/Downloads/CLionProjects/libs/SDL2-2.0.7/src/video/khronos -DHAVE_PTHREAD_NP_H -D_THREAD_SAFE -MMD -MT dependencies -MF /Users/tom/Downloads/CLionProjects/build/CMakeFiles/CMakeTmp/CMAKE_TRY_COMPILE.build/Debug/cmTC_174c8.build/Objects-normal/x86_64/src.d --serialize-diagnostics /Users/tom/Downloads/CLionProjects/build/CMakeFiles/CMakeTmp/CMAKE_TRY_COMPILE.build/Debug/cmTC_174c8.build/Objects-normal/x86_64/src.dia -c /Users/tom/Downloads/CLionProjects/build/CMakeFiles/CMakeTmp/src.c -o /Users/tom/Downloads/CLionProjects/build/CMakeFiles/CMakeTmp/CMAKE_TRY_COMPILE.build/Debug/cmTC_174c8.build/Objects-normal/x86_64/src.o
/Users/tom/Downloads/CLionProjects/build/CMakeFiles/CMakeTmp/src.c:3:20: fatal error: 'pthread_np.h' file not found
          #include <pthread_np.h>
                   ^~~~~~~~~~~~~~
1 error generated.

** BUILD FAILED **


The following build commands failed:
	CompileC CMAKE_TRY_COMPILE.build/Debug/cmTC_174c8.build/Objects-normal/x86_64/src.o src.c normal x86_64 c com.apple.compilers.llvm.clang.1_0.compiler
(1 failure)

Source file was:

          #include <pthread.h>
          #include <pthread_np.h>
          int main(int argc, char** argv) { return 0; }
Determining if the function pthread_set_name_np exists failed with the following output:
Change Dir: /Users/tom/Downloads/CLionProjects/build/CMakeFiles/CMakeTmp

Run Build Command:"/usr/bin/xcodebuild" "-project" "CMAKE_TRY_COMPILE.xcodeproj" "build" "-target" "cmTC_76dd2" "-configuration" "Debug"
=== BUILD TARGET cmTC_76dd2 OF PROJECT CMAKE_TRY_COMPILE WITH CONFIGURATION Debug ===

Check dependencies

Write auxiliary files
/bin/mkdir -p /Users/tom/Downloads/CLionProjects/build/CMakeFiles/CMakeTmp/CMAKE_TRY_COMPILE.build/Debug/cmTC_76dd2.build/Objects-normal/x86_64
write-file /Users/tom/Downloads/CLionProjects/build/CMakeFiles/CMakeTmp/CMAKE_TRY_COMPILE.build/Debug/cmTC_76dd2.build/Objects-normal/x86_64/cmTC_76dd2.LinkFileList

CompileC CMAKE_TRY_COMPILE.build/Debug/cmTC_76dd2.build/Objects-normal/x86_64/CheckFunctionExists.o /usr/local/Cellar/cmake/3.10.2/share/cmake/Modules/CheckFunctionExists.c normal x86_64 c com.apple.compilers.llvm.clang.1_0.compiler
    cd /Users/tom/Downloads/CLionProjects/build/CMakeFiles/CMakeTmp
    export LANG=en_US.US-ASCII
    /Applications/Xcode.app/Contents/Developer/Toolchains/XcodeDefault.xctoolchain/usr/bin/clang -x c -arch x86_64 -fmessage-length=0 -fdiagnostics-show-note-include-stack -fmacro-backtrace-limit=0 -Wno-trigraphs -fpascal-strings -O0 -Wno-missing-field-initializers -Wno-missing-prototypes -Wno-return-type -Wno-missing-braces -Wparentheses -Wswitch -Wno-unused-function -Wno-unused-label -Wno-unused-parameter -Wno-unused-variable -Wunused-value -Wno-empty-body -Wno-uninitialized -Wno-unknown-pragmas -Wno-shadow -Wno-four-char-constants -Wno-conversion -Wno-constant-conversion -Wno-int-conversion -Wno-bool-conversion -Wno-enum-conversion -Wno-float-conversion -Wno-non-literal-null-conversion -Wno-objc-literal-conversion -Wno-shorten-64-to-32 -Wpointer-sign -Wno-newline-eof -DCMAKE_INTDIR=\"Debug\" -isysroot /Applications/Xcode.app/Contents/Developer/Platforms/MacOSX.platform/Developer/SDKs/MacOSX10.13.sdk -fasm-blocks -fstrict-aliasing -Wdeprecated-declarations -mmacosx-version-min=10.13 -g -Wno-sign-conversion -Wno-infinite-recursion -Wno-comma -Wno-block-capture-autoreleasing -Wno-strict-prototypes -I/Users/tom/Downloads/CLionProjects/build/CMakeFiles/CMakeTmp/Debug/include -I/Users/tom/Downloads/CLionProjects/build/CMakeFiles/CMakeTmp/CMAKE_TRY_COMPILE.build/Debug/cmTC_76dd2.build/DerivedSources/x86_64 -I/Users/tom/Downloads/CLionProjects/build/CMakeFiles/CMakeTmp/CMAKE_TRY_COMPILE.build/Debug/cmTC_76dd2.build/DerivedSources -Wmost -Wno-four-char-constants -Wno-unknown-pragmas -F/Users/tom/Downloads/CLionProjects/build/CMakeFiles/CMakeTmp/Debug -idirafter /Users/tom/Downloads/CLionProjects/libs/SDL2-2.0.7/src/video/khronos -DCHECK_FUNCTION_EXISTS=pthread_set_name_np -D_THREAD_SAFE -MMD -MT dependencies -MF /Users/tom/Downloads/CLionProjects/build/CMakeFiles/CMakeTmp/CMAKE_TRY_COMPILE.build/Debug/cmTC_76dd2.build/Objects-normal/x86_64/CheckFunctionExists.d --serialize-diagnostics /Users/tom/Downloads/CLionProjects/build/CMakeFiles/CMakeTmp/CMAKE_TRY_COMPILE.build/Debug/cmTC_76dd2.build/Objects-normal/x86_64/CheckFunctionExists.dia -c /usr/local/Cellar/cmake/3.10.2/share/cmake/Modules/CheckFunctionExists.c -o /Users/tom/Downloads/CLionProjects/build/CMakeFiles/CMakeTmp/CMAKE_TRY_COMPILE.build/Debug/cmTC_76dd2.build/Objects-normal/x86_64/CheckFunctionExists.o

Ld Debug/cmTC_76dd2 normal x86_64
    cd /Users/tom/Downloads/CLionProjects/build/CMakeFiles/CMakeTmp
    export MACOSX_DEPLOYMENT_TARGET=10.13
    /Applications/Xcode.app/Contents/Developer/Toolchains/XcodeDefault.xctoolchain/usr/bin/clang -arch x86_64 -isysroot /Applications/Xcode.app/Contents/Developer/Platforms/MacOSX.platform/Developer/SDKs/MacOSX10.13.sdk -L/Users/tom/Downloads/CLionProjects/build/CMakeFiles/CMakeTmp/Debug -F/Users/tom/Downloads/CLionProjects/build/CMakeFiles/CMakeTmp/Debug -filelist /Users/tom/Downloads/CLionProjects/build/CMakeFiles/CMakeTmp/CMAKE_TRY_COMPILE.build/Debug/cmTC_76dd2.build/Objects-normal/x86_64/cmTC_76dd2.LinkFileList -mmacosx-version-min=10.13 -Xlinker -object_path_lto -Xlinker /Users/tom/Downloads/CLionProjects/build/CMakeFiles/CMakeTmp/CMAKE_TRY_COMPILE.build/Debug/cmTC_76dd2.build/Objects-normal/x86_64/cmTC_76dd2_lto.o -Xlinker -no_deduplicate -Wl,-search_paths_first -Wl,-headerpad_max_install_names -Xlinker -dependency_info -Xlinker /Users/tom/Downloads/CLionProjects/build/CMakeFiles/CMakeTmp/CMAKE_TRY_COMPILE.build/Debug/cmTC_76dd2.build/Objects-normal/x86_64/cmTC_76dd2_dependency_info.dat -o /Users/tom/Downloads/CLionProjects/build/CMakeFiles/CMakeTmp/Debug/cmTC_76dd2
Undefined symbols for architecture x86_64:
  "_pthread_set_name_np", referenced from:
      _main in CheckFunctionExists.o
ld: symbol(s) not found for architecture x86_64
clang: error: linker command failed with exit code 1 (use -v to see invocation)

** BUILD FAILED **


The following build commands failed:
	Ld Debug/cmTC_76dd2 normal x86_64
(1 failure)


